<?xml version="1.0" encoding="ISO-8859-1" ?>
<!DOCTYPE html PUBLIC "-//W3C//DTD XHTML 1.0 Strict//EN"
"http://www.w3.org/TR/xhtml1/DTD/xhtml1-strict.dtd">
<html xmlns="http://www.w3.org/1999/xhtml" xml:lang="en" lang="en">
<head>
  <meta http-equiv="Content-Type" content="text/html;charset=utf-8" />
  <meta name="description" content="TestNG unit test results." />
  <link href="css/bootstrap.min.css" rel="stylesheet" />
  <link href="css/reportngClass.css" rel="stylesheet" />
  <script type="text/javascript" src="js/reportngClass.js"></script>
  <script type="text/javascript" src="js/jquery-1.4.4.min.js"></script> 
  <script type="text/javascript" src="js/jquery.tablesorter.min.js"></script>
  <script type="text/javascript" src="js/json-min.js"></script>
  <script type="text/javascript">
	$(document).ready(function(){
		$('.tablesorter').tablesorter({sortList: [[0,0]]});
	});
  </script>
</head>
<body onload="doParse(); return false;" onkeypress="collapseExpand();">
<div class="well well-large">
	<b>Test Info</>
	<table class="table">
	  <tr>
	    <th>Test Name : </th>
	    <th>
	    	<div class="tooltipCustom">
	    		<img src="images/copy.png" width="10" height="15" alt="Copy to Clipboard" onclick="copyToClipboard('#testNameId')"/>
	    		<span class="tooltiptextCustom">Copy Test name</span>
			</div>
	    </th>
	    <th id="testNameId">Test</th> 
	  </tr>
	  <tr>
	    <th>Test Class : </th>
	    <th>
	    	<div class="tooltipCustom">
	    		<img src="images/copy.png" width="10" height="15" alt="Copy to Clipboard" onclick="copyToClipboard('#testClassId')"/>
	    		<span class="tooltiptextCustom">Copy full path Class name</span>
			</div>
	    	<div class="tooltipCustom">
	    		<img src="images/copy.png" width="10" height="15" alt="Copy to Clipboard" onclick="copyToClipboard('#testClassNameId')"/>
	    		<span class="tooltiptextCustom">Copy Class name</span>
			</div>
	    </th> 
	    <th id="testClassId">com.api.TestUtil.Main</th>
	    <th id="testClassNameId" hidden="true">Main</th>
	  </tr>
	  <tr>
	    <th>Suite Name : </th>
	    <th>
	    	<div class="tooltipCustom">
	    		<img src="images/copy.png" width="10" height="15" alt="Copy to Clipboard" onclick="copyToClipboard('#suiteNameId')"/>
	    		<span class="tooltiptextCustom">Copy Suite name</span>
			</div>
		</th>
	    <th id="suiteNameId">Suite</th>
	  </tr>
	  <tr>
	    <th>Suite XML : </th>
	    <th>
	    	<div class="tooltipCustom">
	    		<img src="images/copy.png" width="10" height="15" alt="Copy to Clipboard" onclick="copyToClipboard('#suiteXMLId')"/>
	    		<span class="tooltiptextCustom">Copy Suite full path name</span>
			</div>
	    	<div class="tooltipCustom">
	    		<img src="images/copy.png" width="10" height="15" alt="Copy to Clipboard" onclick="copyToClipboard('#suiteXMLNameId')"/>
	    		<span class="tooltiptextCustom">Copy Suite file name</span>
			</div>
	    </th> 
	  	<th id="suiteXMLId">C:\Users\abhishek.yadav\Downloads\JsonPlaceholderAPITesting\JsonPlaceholderAPITesting\testng.xml</th>
	  	<th id="suiteXMLNameId" hidden="true">testng.xml</th>
	  </tr>
	  	  <tr>
	    <th>Total Time : </th>
	    <th></th>
	    <th>00:00:38</th> 
	  </tr>
	  <tr>
	    <th>Total Steps : </th>
	   	<th></th>
	    <th>1</th> 
	  </tr>
	  <tr>
	    <th>Status : </th>
	    <th></th>
	    <th><font color="red">FAIL</font></th> 
	  </tr>
	</table>
</div>
<div class="well well-large">
	<div class="row">
		<div class="col-xs-12">
	        <div class="text-right">
	            <button id="hideResults" type="button" class="btn-danger" onclick="collapseExpand(this);" onkeypress="collapseExpand(this);" class="btn pull-right" title="Click or Press Any key to collapse/expand All Failed Tests and Configuration Methods">Show Only Failures</button>
	        </div>
	    </div>
	</div>
	<table class="tablesorter" border="1">
		<thead>
		<tr>
		<th class="headerTime">Time</th>
		<th class="headerTime" width="12%">Info</th>
		<th class="headerTime" width="88%">Test</th>
		</tr>
		</thead>
		<tbody>
		
				
				
				
											<tr>
	<td class="time">1708750757741</td>
	<td class="header failed" colspan="4" onClick="toggleElement('fe7dfa5f-726f-4b5c-aa2b-152adc6204e1','block');changeSingleIcon('span-fe7dfa5f-726f-4b5c-aa2b-152adc6204e1');" title="Click to expand/collapse" style="cursor: pointer;">
	<div style="float:left;"><i>Class&nbsp;:&nbsp;</i>com.api.TestUtil.Main</div>
	<div style="float:right;">@Test @ with DataProvider : ["Send Data"] &nbsp;&nbsp;<span id='span-fe7dfa5f-726f-4b5c-aa2b-152adc6204e1' class="glyphicon glyphicon-menu-down"></span></div>
	</td>
	</tr>
<tr>
	<td class="time">1708750757741</td>
	<td class="methodTest">
		<span class="description"><b>Method: </b>tests</span><br>
			<span class="description"><b>Description: </b></span><br>
							<span class="duration"><b>Duration: </b>1.384s</span><br>
	</td>
	<td class="result">
					<i>Method arguments: </i><span class="arguments">[Ljava.lang.Object;@714f1a44</span><br>
				<div class="noCollapse" id="fe7dfa5f-726f-4b5c-aa2b-152adc6204e1" style="display: block;">
						<a href="javascript:toggleElement('exception-fe7dfa5f-726f-4b5c-aa2b-152adc6204e1','block')" title="Click to expand/collapse"><b>java.lang.AssertionError: 1 expectation failed.<br/>
Expected status code &lt;400&gt; but was &lt;200&gt;.<br/>
</b></a><br/>
		<div class="stackTrace" id="exception-fe7dfa5f-726f-4b5c-aa2b-152adc6204e1">
					java.base/jdk.internal.reflect.DirectConstructorHandleAccessor.newInstance(DirectConstructorHandleAccessor.java:67)<br/>
					java.base/java.lang.reflect.Constructor.newInstanceWithCaller(Constructor.java:500)<br/>
					java.base/java.lang.reflect.Constructor.newInstance(Constructor.java:484)<br/>
					org.codehaus.groovy.reflection.CachedConstructor.invoke(CachedConstructor.java:73)<br/>
					org.codehaus.groovy.runtime.callsite.ConstructorSite$ConstructorSiteNoUnwrapNoCoerce.callConstructor(ConstructorSite.java:108)<br/>
					org.codehaus.groovy.runtime.callsite.AbstractCallSite.callConstructor(AbstractCallSite.java:277)<br/>
					io.restassured.internal.ResponseSpecificationImpl$HamcrestAssertionClosure.validate(ResponseSpecificationImpl.groovy:512)<br/>
					io.restassured.internal.ResponseSpecificationImpl$HamcrestAssertionClosure$validate$1.call(Unknown Source)<br/>
					io.restassured.internal.ResponseSpecificationImpl.validate(ResponseSpecificationImpl.groovy:101)<br/>
					io.restassured.internal.ValidatableResponseOptionsImpl.spec(ValidatableResponseOptionsImpl.java:288)<br/>
					com.api.HttpMethod.PutClass.putData(PutClass.java:27)<br/>
					com.api.TestUtil.Main.tests(Main.java:44)<br/>
					java.base/jdk.internal.reflect.DirectMethodHandleAccessor.invoke(DirectMethodHandleAccessor.java:104)<br/>
					java.base/java.lang.reflect.Method.invoke(Method.java:578)<br/>
					org.testng.internal.MethodInvocationHelper.invokeMethod(MethodInvocationHelper.java:133)<br/>
					org.testng.internal.TestInvoker.invokeMethod(TestInvoker.java:598)<br/>
					org.testng.internal.TestInvoker.invokeTestMethod(TestInvoker.java:173)<br/>
					org.testng.internal.MethodRunner.runInSequence(MethodRunner.java:46)<br/>
					org.testng.internal.TestInvoker$MethodInvocationAgent.invoke(TestInvoker.java:824)<br/>
					org.testng.internal.TestInvoker.invokeTestMethods(TestInvoker.java:146)<br/>
					org.testng.internal.TestMethodWorker.invokeTestMethods(TestMethodWorker.java:146)<br/>
					org.testng.internal.TestMethodWorker.run(TestMethodWorker.java:128)<br/>
					java.base/java.util.ArrayList.forEach(ArrayList.java:1511)<br/>
					org.testng.TestRunner.privateRun(TestRunner.java:794)<br/>
					org.testng.TestRunner.run(TestRunner.java:596)<br/>
					org.testng.SuiteRunner.runTest(SuiteRunner.java:377)<br/>
					org.testng.SuiteRunner.runSequentially(SuiteRunner.java:371)<br/>
					org.testng.SuiteRunner.privateRun(SuiteRunner.java:332)<br/>
					org.testng.SuiteRunner.run(SuiteRunner.java:276)<br/>
					org.testng.SuiteRunnerWorker.runSuite(SuiteRunnerWorker.java:53)<br/>
					org.testng.SuiteRunnerWorker.run(SuiteRunnerWorker.java:96)<br/>
					org.testng.TestNG.runSuitesSequentially(TestNG.java:1212)<br/>
					org.testng.TestNG.runSuitesLocally(TestNG.java:1134)<br/>
					org.testng.TestNG.runSuites(TestNG.java:1063)<br/>
					org.testng.TestNG.run(TestNG.java:1031)<br/>
					org.testng.remote.AbstractRemoteTestNG.run(AbstractRemoteTestNG.java:115)<br/>
					org.testng.remote.RemoteTestNG.initAndRun(RemoteTestNG.java:251)<br/>
					org.testng.remote.RemoteTestNG.main(RemoteTestNG.java:77)<br/>
						</div>
		</td>
	</div>
</tr>
					<tr>
	<td class="time">1708750756512</td>
	<td class="header failed" colspan="4" onClick="toggleElement('9c8accb7-28d7-4c7e-9fca-b16ef27a3e3a','block');changeSingleIcon('span-9c8accb7-28d7-4c7e-9fca-b16ef27a3e3a');" title="Click to expand/collapse" style="cursor: pointer;">
	<div style="float:left;"><i>Class&nbsp;:&nbsp;</i>com.api.TestUtil.Main</div>
	<div style="float:right;">@Test @ with DataProvider : ["Send Data"] &nbsp;&nbsp;<span id='span-9c8accb7-28d7-4c7e-9fca-b16ef27a3e3a' class="glyphicon glyphicon-menu-down"></span></div>
	</td>
	</tr>
<tr>
	<td class="time">1708750756512</td>
	<td class="methodTest">
		<span class="description"><b>Method: </b>tests</span><br>
			<span class="description"><b>Description: </b></span><br>
							<span class="duration"><b>Duration: </b>1.228s</span><br>
	</td>
	<td class="result">
					<i>Method arguments: </i><span class="arguments">[Ljava.lang.Object;@77ecdc2b</span><br>
				<div class="noCollapse" id="9c8accb7-28d7-4c7e-9fca-b16ef27a3e3a" style="display: block;">
						<a href="javascript:toggleElement('exception-9c8accb7-28d7-4c7e-9fca-b16ef27a3e3a','block')" title="Click to expand/collapse"><b>java.lang.AssertionError: 1 expectation failed.<br/>
Expected status code &lt;204&gt; but was &lt;201&gt;.<br/>
</b></a><br/>
		<div class="stackTrace" id="exception-9c8accb7-28d7-4c7e-9fca-b16ef27a3e3a">
					java.base/jdk.internal.reflect.DirectConstructorHandleAccessor.newInstance(DirectConstructorHandleAccessor.java:67)<br/>
					java.base/java.lang.reflect.Constructor.newInstanceWithCaller(Constructor.java:500)<br/>
					java.base/java.lang.reflect.Constructor.newInstance(Constructor.java:484)<br/>
					org.codehaus.groovy.reflection.CachedConstructor.invoke(CachedConstructor.java:73)<br/>
					org.codehaus.groovy.runtime.callsite.ConstructorSite$ConstructorSiteNoUnwrapNoCoerce.callConstructor(ConstructorSite.java:108)<br/>
					org.codehaus.groovy.runtime.callsite.AbstractCallSite.callConstructor(AbstractCallSite.java:277)<br/>
					io.restassured.internal.ResponseSpecificationImpl$HamcrestAssertionClosure.validate(ResponseSpecificationImpl.groovy:512)<br/>
					io.restassured.internal.ResponseSpecificationImpl$HamcrestAssertionClosure$validate$1.call(Unknown Source)<br/>
					io.restassured.internal.ResponseSpecificationImpl.validate(ResponseSpecificationImpl.groovy:101)<br/>
					io.restassured.internal.ValidatableResponseOptionsImpl.spec(ValidatableResponseOptionsImpl.java:288)<br/>
					com.api.HttpMethod.PostClass.postData(PostClass.java:27)<br/>
					com.api.TestUtil.Main.tests(Main.java:41)<br/>
					java.base/jdk.internal.reflect.DirectMethodHandleAccessor.invoke(DirectMethodHandleAccessor.java:104)<br/>
					java.base/java.lang.reflect.Method.invoke(Method.java:578)<br/>
					org.testng.internal.MethodInvocationHelper.invokeMethod(MethodInvocationHelper.java:133)<br/>
					org.testng.internal.TestInvoker.invokeMethod(TestInvoker.java:598)<br/>
					org.testng.internal.TestInvoker.invokeTestMethod(TestInvoker.java:173)<br/>
					org.testng.internal.MethodRunner.runInSequence(MethodRunner.java:46)<br/>
					org.testng.internal.TestInvoker$MethodInvocationAgent.invoke(TestInvoker.java:824)<br/>
					org.testng.internal.TestInvoker.invokeTestMethods(TestInvoker.java:146)<br/>
					org.testng.internal.TestMethodWorker.invokeTestMethods(TestMethodWorker.java:146)<br/>
					org.testng.internal.TestMethodWorker.run(TestMethodWorker.java:128)<br/>
					java.base/java.util.ArrayList.forEach(ArrayList.java:1511)<br/>
					org.testng.TestRunner.privateRun(TestRunner.java:794)<br/>
					org.testng.TestRunner.run(TestRunner.java:596)<br/>
					org.testng.SuiteRunner.runTest(SuiteRunner.java:377)<br/>
					org.testng.SuiteRunner.runSequentially(SuiteRunner.java:371)<br/>
					org.testng.SuiteRunner.privateRun(SuiteRunner.java:332)<br/>
					org.testng.SuiteRunner.run(SuiteRunner.java:276)<br/>
					org.testng.SuiteRunnerWorker.runSuite(SuiteRunnerWorker.java:53)<br/>
					org.testng.SuiteRunnerWorker.run(SuiteRunnerWorker.java:96)<br/>
					org.testng.TestNG.runSuitesSequentially(TestNG.java:1212)<br/>
					org.testng.TestNG.runSuitesLocally(TestNG.java:1134)<br/>
					org.testng.TestNG.runSuites(TestNG.java:1063)<br/>
					org.testng.TestNG.run(TestNG.java:1031)<br/>
					org.testng.remote.AbstractRemoteTestNG.run(AbstractRemoteTestNG.java:115)<br/>
					org.testng.remote.RemoteTestNG.initAndRun(RemoteTestNG.java:251)<br/>
					org.testng.remote.RemoteTestNG.main(RemoteTestNG.java:77)<br/>
						</div>
		</td>
	</div>
</tr>
					<tr>
	<td class="time">1708750753975</td>
	<td class="header failed" colspan="4" onClick="toggleElement('2f861c87-5039-4c57-9e0f-6116fc584cf0','block');changeSingleIcon('span-2f861c87-5039-4c57-9e0f-6116fc584cf0');" title="Click to expand/collapse" style="cursor: pointer;">
	<div style="float:left;"><i>Class&nbsp;:&nbsp;</i>com.api.TestUtil.Main</div>
	<div style="float:right;">@Test @ with DataProvider : ["Send Data"] &nbsp;&nbsp;<span id='span-2f861c87-5039-4c57-9e0f-6116fc584cf0' class="glyphicon glyphicon-menu-down"></span></div>
	</td>
	</tr>
<tr>
	<td class="time">1708750753975</td>
	<td class="methodTest">
		<span class="description"><b>Method: </b>tests</span><br>
			<span class="description"><b>Description: </b></span><br>
							<span class="duration"><b>Duration: </b>1.310s</span><br>
	</td>
	<td class="result">
					<i>Method arguments: </i><span class="arguments">[Ljava.lang.Object;@5c573229</span><br>
				<div class="noCollapse" id="2f861c87-5039-4c57-9e0f-6116fc584cf0" style="display: block;">
						<a href="javascript:toggleElement('exception-2f861c87-5039-4c57-9e0f-6116fc584cf0','block')" title="Click to expand/collapse"><b>java.lang.AssertionError: 1 expectation failed.<br/>
Expected status code &lt;400&gt; but was &lt;201&gt;.<br/>
</b></a><br/>
		<div class="stackTrace" id="exception-2f861c87-5039-4c57-9e0f-6116fc584cf0">
					java.base/jdk.internal.reflect.DirectConstructorHandleAccessor.newInstance(DirectConstructorHandleAccessor.java:67)<br/>
					java.base/java.lang.reflect.Constructor.newInstanceWithCaller(Constructor.java:500)<br/>
					java.base/java.lang.reflect.Constructor.newInstance(Constructor.java:484)<br/>
					org.codehaus.groovy.reflection.CachedConstructor.invoke(CachedConstructor.java:73)<br/>
					org.codehaus.groovy.runtime.callsite.ConstructorSite$ConstructorSiteNoUnwrapNoCoerce.callConstructor(ConstructorSite.java:108)<br/>
					org.codehaus.groovy.runtime.callsite.AbstractCallSite.callConstructor(AbstractCallSite.java:277)<br/>
					io.restassured.internal.ResponseSpecificationImpl$HamcrestAssertionClosure.validate(ResponseSpecificationImpl.groovy:512)<br/>
					io.restassured.internal.ResponseSpecificationImpl$HamcrestAssertionClosure$validate$1.call(Unknown Source)<br/>
					io.restassured.internal.ResponseSpecificationImpl.validate(ResponseSpecificationImpl.groovy:101)<br/>
					io.restassured.internal.ValidatableResponseOptionsImpl.spec(ValidatableResponseOptionsImpl.java:288)<br/>
					com.api.HttpMethod.PostClass.postData(PostClass.java:27)<br/>
					com.api.TestUtil.Main.tests(Main.java:41)<br/>
					java.base/jdk.internal.reflect.DirectMethodHandleAccessor.invoke(DirectMethodHandleAccessor.java:104)<br/>
					java.base/java.lang.reflect.Method.invoke(Method.java:578)<br/>
					org.testng.internal.MethodInvocationHelper.invokeMethod(MethodInvocationHelper.java:133)<br/>
					org.testng.internal.TestInvoker.invokeMethod(TestInvoker.java:598)<br/>
					org.testng.internal.TestInvoker.invokeTestMethod(TestInvoker.java:173)<br/>
					org.testng.internal.MethodRunner.runInSequence(MethodRunner.java:46)<br/>
					org.testng.internal.TestInvoker$MethodInvocationAgent.invoke(TestInvoker.java:824)<br/>
					org.testng.internal.TestInvoker.invokeTestMethods(TestInvoker.java:146)<br/>
					org.testng.internal.TestMethodWorker.invokeTestMethods(TestMethodWorker.java:146)<br/>
					org.testng.internal.TestMethodWorker.run(TestMethodWorker.java:128)<br/>
					java.base/java.util.ArrayList.forEach(ArrayList.java:1511)<br/>
					org.testng.TestRunner.privateRun(TestRunner.java:794)<br/>
					org.testng.TestRunner.run(TestRunner.java:596)<br/>
					org.testng.SuiteRunner.runTest(SuiteRunner.java:377)<br/>
					org.testng.SuiteRunner.runSequentially(SuiteRunner.java:371)<br/>
					org.testng.SuiteRunner.privateRun(SuiteRunner.java:332)<br/>
					org.testng.SuiteRunner.run(SuiteRunner.java:276)<br/>
					org.testng.SuiteRunnerWorker.runSuite(SuiteRunnerWorker.java:53)<br/>
					org.testng.SuiteRunnerWorker.run(SuiteRunnerWorker.java:96)<br/>
					org.testng.TestNG.runSuitesSequentially(TestNG.java:1212)<br/>
					org.testng.TestNG.runSuitesLocally(TestNG.java:1134)<br/>
					org.testng.TestNG.runSuites(TestNG.java:1063)<br/>
					org.testng.TestNG.run(TestNG.java:1031)<br/>
					org.testng.remote.AbstractRemoteTestNG.run(AbstractRemoteTestNG.java:115)<br/>
					org.testng.remote.RemoteTestNG.initAndRun(RemoteTestNG.java:251)<br/>
					org.testng.remote.RemoteTestNG.main(RemoteTestNG.java:77)<br/>
						</div>
		</td>
	</div>
</tr>
					<tr>
	<td class="time">1708750740895</td>
	<td class="header failed" colspan="4" onClick="toggleElement('52f4304d-c0a8-4821-90a6-5d63763e8f13','block');changeSingleIcon('span-52f4304d-c0a8-4821-90a6-5d63763e8f13');" title="Click to expand/collapse" style="cursor: pointer;">
	<div style="float:left;"><i>Class&nbsp;:&nbsp;</i>com.api.TestUtil.Main</div>
	<div style="float:right;">@Test @ with DataProvider : ["Send Data"] &nbsp;&nbsp;<span id='span-52f4304d-c0a8-4821-90a6-5d63763e8f13' class="glyphicon glyphicon-menu-down"></span></div>
	</td>
	</tr>
<tr>
	<td class="time">1708750740895</td>
	<td class="methodTest">
		<span class="description"><b>Method: </b>tests</span><br>
			<span class="description"><b>Description: </b></span><br>
							<span class="duration"><b>Duration: </b>1.115s</span><br>
	</td>
	<td class="result">
					<i>Method arguments: </i><span class="arguments">[Ljava.lang.Object;@30afb481</span><br>
				<div class="noCollapse" id="52f4304d-c0a8-4821-90a6-5d63763e8f13" style="display: block;">
						<a href="javascript:toggleElement('exception-52f4304d-c0a8-4821-90a6-5d63763e8f13','block')" title="Click to expand/collapse"><b>java.lang.AssertionError: 1 expectation failed.<br/>
Expected status code &lt;405&gt; but was &lt;500&gt;.<br/>
</b></a><br/>
		<div class="stackTrace" id="exception-52f4304d-c0a8-4821-90a6-5d63763e8f13">
					java.base/jdk.internal.reflect.DirectConstructorHandleAccessor.newInstance(DirectConstructorHandleAccessor.java:67)<br/>
					java.base/java.lang.reflect.Constructor.newInstanceWithCaller(Constructor.java:500)<br/>
					java.base/java.lang.reflect.Constructor.newInstance(Constructor.java:484)<br/>
					org.codehaus.groovy.reflection.CachedConstructor.invoke(CachedConstructor.java:73)<br/>
					org.codehaus.groovy.runtime.callsite.ConstructorSite$ConstructorSiteNoUnwrapNoCoerce.callConstructor(ConstructorSite.java:108)<br/>
					org.codehaus.groovy.runtime.callsite.AbstractCallSite.callConstructor(AbstractCallSite.java:277)<br/>
					io.restassured.internal.ResponseSpecificationImpl$HamcrestAssertionClosure.validate(ResponseSpecificationImpl.groovy:512)<br/>
					io.restassured.internal.ResponseSpecificationImpl$HamcrestAssertionClosure$validate$1.call(Unknown Source)<br/>
					io.restassured.internal.ResponseSpecificationImpl.validate(ResponseSpecificationImpl.groovy:101)<br/>
					io.restassured.internal.ValidatableResponseOptionsImpl.spec(ValidatableResponseOptionsImpl.java:288)<br/>
					com.api.HttpMethod.PutClass.putData(PutClass.java:27)<br/>
					com.api.TestUtil.Main.tests(Main.java:44)<br/>
					java.base/jdk.internal.reflect.DirectMethodHandleAccessor.invoke(DirectMethodHandleAccessor.java:104)<br/>
					java.base/java.lang.reflect.Method.invoke(Method.java:578)<br/>
					org.testng.internal.MethodInvocationHelper.invokeMethod(MethodInvocationHelper.java:133)<br/>
					org.testng.internal.TestInvoker.invokeMethod(TestInvoker.java:598)<br/>
					org.testng.internal.TestInvoker.invokeTestMethod(TestInvoker.java:173)<br/>
					org.testng.internal.MethodRunner.runInSequence(MethodRunner.java:46)<br/>
					org.testng.internal.TestInvoker$MethodInvocationAgent.invoke(TestInvoker.java:824)<br/>
					org.testng.internal.TestInvoker.invokeTestMethods(TestInvoker.java:146)<br/>
					org.testng.internal.TestMethodWorker.invokeTestMethods(TestMethodWorker.java:146)<br/>
					org.testng.internal.TestMethodWorker.run(TestMethodWorker.java:128)<br/>
					java.base/java.util.ArrayList.forEach(ArrayList.java:1511)<br/>
					org.testng.TestRunner.privateRun(TestRunner.java:794)<br/>
					org.testng.TestRunner.run(TestRunner.java:596)<br/>
					org.testng.SuiteRunner.runTest(SuiteRunner.java:377)<br/>
					org.testng.SuiteRunner.runSequentially(SuiteRunner.java:371)<br/>
					org.testng.SuiteRunner.privateRun(SuiteRunner.java:332)<br/>
					org.testng.SuiteRunner.run(SuiteRunner.java:276)<br/>
					org.testng.SuiteRunnerWorker.runSuite(SuiteRunnerWorker.java:53)<br/>
					org.testng.SuiteRunnerWorker.run(SuiteRunnerWorker.java:96)<br/>
					org.testng.TestNG.runSuitesSequentially(TestNG.java:1212)<br/>
					org.testng.TestNG.runSuitesLocally(TestNG.java:1134)<br/>
					org.testng.TestNG.runSuites(TestNG.java:1063)<br/>
					org.testng.TestNG.run(TestNG.java:1031)<br/>
					org.testng.remote.AbstractRemoteTestNG.run(AbstractRemoteTestNG.java:115)<br/>
					org.testng.remote.RemoteTestNG.initAndRun(RemoteTestNG.java:251)<br/>
					org.testng.remote.RemoteTestNG.main(RemoteTestNG.java:77)<br/>
						</div>
		</td>
	</div>
</tr>
					<tr>
	<td class="time">1708750748031</td>
	<td class="header failed" colspan="4" onClick="toggleElement('de5dc3c2-a762-4e0b-a695-3ba16c303225','block');changeSingleIcon('span-de5dc3c2-a762-4e0b-a695-3ba16c303225');" title="Click to expand/collapse" style="cursor: pointer;">
	<div style="float:left;"><i>Class&nbsp;:&nbsp;</i>com.api.TestUtil.Main</div>
	<div style="float:right;">@Test @ with DataProvider : ["Send Data"] &nbsp;&nbsp;<span id='span-de5dc3c2-a762-4e0b-a695-3ba16c303225' class="glyphicon glyphicon-menu-down"></span></div>
	</td>
	</tr>
<tr>
	<td class="time">1708750748031</td>
	<td class="methodTest">
		<span class="description"><b>Method: </b>tests</span><br>
			<span class="description"><b>Description: </b></span><br>
							<span class="duration"><b>Duration: </b>1.209s</span><br>
	</td>
	<td class="result">
					<i>Method arguments: </i><span class="arguments">[Ljava.lang.Object;@520a95ff</span><br>
				<div class="noCollapse" id="de5dc3c2-a762-4e0b-a695-3ba16c303225" style="display: block;">
						<a href="javascript:toggleElement('exception-de5dc3c2-a762-4e0b-a695-3ba16c303225','block')" title="Click to expand/collapse"><b>java.lang.AssertionError: 1 expectation failed.<br/>
Expected status code &lt;404&gt; but was &lt;200&gt;.<br/>
</b></a><br/>
		<div class="stackTrace" id="exception-de5dc3c2-a762-4e0b-a695-3ba16c303225">
					java.base/jdk.internal.reflect.DirectConstructorHandleAccessor.newInstance(DirectConstructorHandleAccessor.java:67)<br/>
					java.base/java.lang.reflect.Constructor.newInstanceWithCaller(Constructor.java:500)<br/>
					java.base/java.lang.reflect.Constructor.newInstance(Constructor.java:484)<br/>
					org.codehaus.groovy.reflection.CachedConstructor.invoke(CachedConstructor.java:73)<br/>
					org.codehaus.groovy.runtime.callsite.ConstructorSite$ConstructorSiteNoUnwrapNoCoerce.callConstructor(ConstructorSite.java:108)<br/>
					org.codehaus.groovy.runtime.callsite.AbstractCallSite.callConstructor(AbstractCallSite.java:277)<br/>
					io.restassured.internal.ResponseSpecificationImpl$HamcrestAssertionClosure.validate(ResponseSpecificationImpl.groovy:512)<br/>
					io.restassured.internal.ResponseSpecificationImpl$HamcrestAssertionClosure$validate$1.call(Unknown Source)<br/>
					io.restassured.internal.ResponseSpecificationImpl.validate(ResponseSpecificationImpl.groovy:101)<br/>
					io.restassured.internal.ValidatableResponseOptionsImpl.spec(ValidatableResponseOptionsImpl.java:288)<br/>
					com.api.HttpMethod.GetClass.getData(GetClass.java:35)<br/>
					com.api.TestUtil.Main.tests(Main.java:38)<br/>
					java.base/jdk.internal.reflect.DirectMethodHandleAccessor.invoke(DirectMethodHandleAccessor.java:104)<br/>
					java.base/java.lang.reflect.Method.invoke(Method.java:578)<br/>
					org.testng.internal.MethodInvocationHelper.invokeMethod(MethodInvocationHelper.java:133)<br/>
					org.testng.internal.TestInvoker.invokeMethod(TestInvoker.java:598)<br/>
					org.testng.internal.TestInvoker.invokeTestMethod(TestInvoker.java:173)<br/>
					org.testng.internal.MethodRunner.runInSequence(MethodRunner.java:46)<br/>
					org.testng.internal.TestInvoker$MethodInvocationAgent.invoke(TestInvoker.java:824)<br/>
					org.testng.internal.TestInvoker.invokeTestMethods(TestInvoker.java:146)<br/>
					org.testng.internal.TestMethodWorker.invokeTestMethods(TestMethodWorker.java:146)<br/>
					org.testng.internal.TestMethodWorker.run(TestMethodWorker.java:128)<br/>
					java.base/java.util.ArrayList.forEach(ArrayList.java:1511)<br/>
					org.testng.TestRunner.privateRun(TestRunner.java:794)<br/>
					org.testng.TestRunner.run(TestRunner.java:596)<br/>
					org.testng.SuiteRunner.runTest(SuiteRunner.java:377)<br/>
					org.testng.SuiteRunner.runSequentially(SuiteRunner.java:371)<br/>
					org.testng.SuiteRunner.privateRun(SuiteRunner.java:332)<br/>
					org.testng.SuiteRunner.run(SuiteRunner.java:276)<br/>
					org.testng.SuiteRunnerWorker.runSuite(SuiteRunnerWorker.java:53)<br/>
					org.testng.SuiteRunnerWorker.run(SuiteRunnerWorker.java:96)<br/>
					org.testng.TestNG.runSuitesSequentially(TestNG.java:1212)<br/>
					org.testng.TestNG.runSuitesLocally(TestNG.java:1134)<br/>
					org.testng.TestNG.runSuites(TestNG.java:1063)<br/>
					org.testng.TestNG.run(TestNG.java:1031)<br/>
					org.testng.remote.AbstractRemoteTestNG.run(AbstractRemoteTestNG.java:115)<br/>
					org.testng.remote.RemoteTestNG.initAndRun(RemoteTestNG.java:251)<br/>
					org.testng.remote.RemoteTestNG.main(RemoteTestNG.java:77)<br/>
						</div>
		</td>
	</div>
</tr>
					<tr>
	<td class="time">1708750755286</td>
	<td class="header failed" colspan="4" onClick="toggleElement('110c5fcc-c0d9-43b3-9347-67fb150e2c93','block');changeSingleIcon('span-110c5fcc-c0d9-43b3-9347-67fb150e2c93');" title="Click to expand/collapse" style="cursor: pointer;">
	<div style="float:left;"><i>Class&nbsp;:&nbsp;</i>com.api.TestUtil.Main</div>
	<div style="float:right;">@Test @ with DataProvider : ["Send Data"] &nbsp;&nbsp;<span id='span-110c5fcc-c0d9-43b3-9347-67fb150e2c93' class="glyphicon glyphicon-menu-down"></span></div>
	</td>
	</tr>
<tr>
	<td class="time">1708750755286</td>
	<td class="methodTest">
		<span class="description"><b>Method: </b>tests</span><br>
			<span class="description"><b>Description: </b></span><br>
							<span class="duration"><b>Duration: </b>1.224s</span><br>
	</td>
	<td class="result">
					<i>Method arguments: </i><span class="arguments">[Ljava.lang.Object;@577f9dfd</span><br>
				<div class="noCollapse" id="110c5fcc-c0d9-43b3-9347-67fb150e2c93" style="display: block;">
						<a href="javascript:toggleElement('exception-110c5fcc-c0d9-43b3-9347-67fb150e2c93','block')" title="Click to expand/collapse"><b>java.lang.AssertionError: 1 expectation failed.<br/>
Expected status code &lt;405&gt; but was &lt;404&gt;.<br/>
</b></a><br/>
		<div class="stackTrace" id="exception-110c5fcc-c0d9-43b3-9347-67fb150e2c93">
					java.base/jdk.internal.reflect.DirectConstructorHandleAccessor.newInstance(DirectConstructorHandleAccessor.java:67)<br/>
					java.base/java.lang.reflect.Constructor.newInstanceWithCaller(Constructor.java:500)<br/>
					java.base/java.lang.reflect.Constructor.newInstance(Constructor.java:484)<br/>
					org.codehaus.groovy.reflection.CachedConstructor.invoke(CachedConstructor.java:73)<br/>
					org.codehaus.groovy.runtime.callsite.ConstructorSite$ConstructorSiteNoUnwrapNoCoerce.callConstructor(ConstructorSite.java:108)<br/>
					org.codehaus.groovy.runtime.callsite.AbstractCallSite.callConstructor(AbstractCallSite.java:277)<br/>
					io.restassured.internal.ResponseSpecificationImpl$HamcrestAssertionClosure.validate(ResponseSpecificationImpl.groovy:512)<br/>
					io.restassured.internal.ResponseSpecificationImpl$HamcrestAssertionClosure$validate$1.call(Unknown Source)<br/>
					io.restassured.internal.ResponseSpecificationImpl.validate(ResponseSpecificationImpl.groovy:101)<br/>
					io.restassured.internal.ValidatableResponseOptionsImpl.spec(ValidatableResponseOptionsImpl.java:288)<br/>
					com.api.HttpMethod.PutClass.putData(PutClass.java:27)<br/>
					com.api.TestUtil.Main.tests(Main.java:44)<br/>
					java.base/jdk.internal.reflect.DirectMethodHandleAccessor.invoke(DirectMethodHandleAccessor.java:104)<br/>
					java.base/java.lang.reflect.Method.invoke(Method.java:578)<br/>
					org.testng.internal.MethodInvocationHelper.invokeMethod(MethodInvocationHelper.java:133)<br/>
					org.testng.internal.TestInvoker.invokeMethod(TestInvoker.java:598)<br/>
					org.testng.internal.TestInvoker.invokeTestMethod(TestInvoker.java:173)<br/>
					org.testng.internal.MethodRunner.runInSequence(MethodRunner.java:46)<br/>
					org.testng.internal.TestInvoker$MethodInvocationAgent.invoke(TestInvoker.java:824)<br/>
					org.testng.internal.TestInvoker.invokeTestMethods(TestInvoker.java:146)<br/>
					org.testng.internal.TestMethodWorker.invokeTestMethods(TestMethodWorker.java:146)<br/>
					org.testng.internal.TestMethodWorker.run(TestMethodWorker.java:128)<br/>
					java.base/java.util.ArrayList.forEach(ArrayList.java:1511)<br/>
					org.testng.TestRunner.privateRun(TestRunner.java:794)<br/>
					org.testng.TestRunner.run(TestRunner.java:596)<br/>
					org.testng.SuiteRunner.runTest(SuiteRunner.java:377)<br/>
					org.testng.SuiteRunner.runSequentially(SuiteRunner.java:371)<br/>
					org.testng.SuiteRunner.privateRun(SuiteRunner.java:332)<br/>
					org.testng.SuiteRunner.run(SuiteRunner.java:276)<br/>
					org.testng.SuiteRunnerWorker.runSuite(SuiteRunnerWorker.java:53)<br/>
					org.testng.SuiteRunnerWorker.run(SuiteRunnerWorker.java:96)<br/>
					org.testng.TestNG.runSuitesSequentially(TestNG.java:1212)<br/>
					org.testng.TestNG.runSuitesLocally(TestNG.java:1134)<br/>
					org.testng.TestNG.runSuites(TestNG.java:1063)<br/>
					org.testng.TestNG.run(TestNG.java:1031)<br/>
					org.testng.remote.AbstractRemoteTestNG.run(AbstractRemoteTestNG.java:115)<br/>
					org.testng.remote.RemoteTestNG.initAndRun(RemoteTestNG.java:251)<br/>
					org.testng.remote.RemoteTestNG.main(RemoteTestNG.java:77)<br/>
						</div>
		</td>
	</div>
</tr>
					<tr>
	<td class="time">1708750750898</td>
	<td class="header failed" colspan="4" onClick="toggleElement('8c9b3dad-2c38-403a-8e07-79ceb35ff705','block');changeSingleIcon('span-8c9b3dad-2c38-403a-8e07-79ceb35ff705');" title="Click to expand/collapse" style="cursor: pointer;">
	<div style="float:left;"><i>Class&nbsp;:&nbsp;</i>com.api.TestUtil.Main</div>
	<div style="float:right;">@Test @ with DataProvider : ["Send Data"] &nbsp;&nbsp;<span id='span-8c9b3dad-2c38-403a-8e07-79ceb35ff705' class="glyphicon glyphicon-menu-down"></span></div>
	</td>
	</tr>
<tr>
	<td class="time">1708750750898</td>
	<td class="methodTest">
		<span class="description"><b>Method: </b>tests</span><br>
			<span class="description"><b>Description: </b></span><br>
							<span class="duration"><b>Duration: </b>0.492s</span><br>
	</td>
	<td class="result">
					<i>Method arguments: </i><span class="arguments">[Ljava.lang.Object;@66715ca9</span><br>
				<div class="noCollapse" id="8c9b3dad-2c38-403a-8e07-79ceb35ff705" style="display: block;">
						<a href="javascript:toggleElement('exception-8c9b3dad-2c38-403a-8e07-79ceb35ff705','block')" title="Click to expand/collapse"><b>java.lang.AssertionError: 1 expectation failed.<br/>
Expected status code &lt;400&gt; but was &lt;200&gt;.<br/>
</b></a><br/>
		<div class="stackTrace" id="exception-8c9b3dad-2c38-403a-8e07-79ceb35ff705">
					java.base/jdk.internal.reflect.DirectConstructorHandleAccessor.newInstance(DirectConstructorHandleAccessor.java:67)<br/>
					java.base/java.lang.reflect.Constructor.newInstanceWithCaller(Constructor.java:500)<br/>
					java.base/java.lang.reflect.Constructor.newInstance(Constructor.java:484)<br/>
					org.codehaus.groovy.reflection.CachedConstructor.invoke(CachedConstructor.java:73)<br/>
					org.codehaus.groovy.runtime.callsite.ConstructorSite$ConstructorSiteNoUnwrapNoCoerce.callConstructor(ConstructorSite.java:108)<br/>
					org.codehaus.groovy.runtime.callsite.AbstractCallSite.callConstructor(AbstractCallSite.java:277)<br/>
					io.restassured.internal.ResponseSpecificationImpl$HamcrestAssertionClosure.validate(ResponseSpecificationImpl.groovy:512)<br/>
					io.restassured.internal.ResponseSpecificationImpl$HamcrestAssertionClosure$validate$1.call(Unknown Source)<br/>
					io.restassured.internal.ResponseSpecificationImpl.validate(ResponseSpecificationImpl.groovy:101)<br/>
					io.restassured.internal.ValidatableResponseOptionsImpl.spec(ValidatableResponseOptionsImpl.java:288)<br/>
					com.api.HttpMethod.GetClass.getData(GetClass.java:35)<br/>
					com.api.TestUtil.Main.tests(Main.java:38)<br/>
					java.base/jdk.internal.reflect.DirectMethodHandleAccessor.invoke(DirectMethodHandleAccessor.java:104)<br/>
					java.base/java.lang.reflect.Method.invoke(Method.java:578)<br/>
					org.testng.internal.MethodInvocationHelper.invokeMethod(MethodInvocationHelper.java:133)<br/>
					org.testng.internal.TestInvoker.invokeMethod(TestInvoker.java:598)<br/>
					org.testng.internal.TestInvoker.invokeTestMethod(TestInvoker.java:173)<br/>
					org.testng.internal.MethodRunner.runInSequence(MethodRunner.java:46)<br/>
					org.testng.internal.TestInvoker$MethodInvocationAgent.invoke(TestInvoker.java:824)<br/>
					org.testng.internal.TestInvoker.invokeTestMethods(TestInvoker.java:146)<br/>
					org.testng.internal.TestMethodWorker.invokeTestMethods(TestMethodWorker.java:146)<br/>
					org.testng.internal.TestMethodWorker.run(TestMethodWorker.java:128)<br/>
					java.base/java.util.ArrayList.forEach(ArrayList.java:1511)<br/>
					org.testng.TestRunner.privateRun(TestRunner.java:794)<br/>
					org.testng.TestRunner.run(TestRunner.java:596)<br/>
					org.testng.SuiteRunner.runTest(SuiteRunner.java:377)<br/>
					org.testng.SuiteRunner.runSequentially(SuiteRunner.java:371)<br/>
					org.testng.SuiteRunner.privateRun(SuiteRunner.java:332)<br/>
					org.testng.SuiteRunner.run(SuiteRunner.java:276)<br/>
					org.testng.SuiteRunnerWorker.runSuite(SuiteRunnerWorker.java:53)<br/>
					org.testng.SuiteRunnerWorker.run(SuiteRunnerWorker.java:96)<br/>
					org.testng.TestNG.runSuitesSequentially(TestNG.java:1212)<br/>
					org.testng.TestNG.runSuitesLocally(TestNG.java:1134)<br/>
					org.testng.TestNG.runSuites(TestNG.java:1063)<br/>
					org.testng.TestNG.run(TestNG.java:1031)<br/>
					org.testng.remote.AbstractRemoteTestNG.run(AbstractRemoteTestNG.java:115)<br/>
					org.testng.remote.RemoteTestNG.initAndRun(RemoteTestNG.java:251)<br/>
					org.testng.remote.RemoteTestNG.main(RemoteTestNG.java:77)<br/>
						</div>
		</td>
	</div>
</tr>
					<tr>
	<td class="time">1708750759127</td>
	<td class="header failed" colspan="4" onClick="toggleElement('fdf228e9-d58e-4a8b-887e-6ae0edc73d2e','block');changeSingleIcon('span-fdf228e9-d58e-4a8b-887e-6ae0edc73d2e');" title="Click to expand/collapse" style="cursor: pointer;">
	<div style="float:left;"><i>Class&nbsp;:&nbsp;</i>com.api.TestUtil.Main</div>
	<div style="float:right;">@Test @ with DataProvider : ["Send Data"] &nbsp;&nbsp;<span id='span-fdf228e9-d58e-4a8b-887e-6ae0edc73d2e' class="glyphicon glyphicon-menu-down"></span></div>
	</td>
	</tr>
<tr>
	<td class="time">1708750759127</td>
	<td class="methodTest">
		<span class="description"><b>Method: </b>tests</span><br>
			<span class="description"><b>Description: </b></span><br>
							<span class="duration"><b>Duration: </b>1.481s</span><br>
	</td>
	<td class="result">
					<i>Method arguments: </i><span class="arguments">[Ljava.lang.Object;@696174d3</span><br>
				<div class="noCollapse" id="fdf228e9-d58e-4a8b-887e-6ae0edc73d2e" style="display: block;">
						<a href="javascript:toggleElement('exception-fdf228e9-d58e-4a8b-887e-6ae0edc73d2e','block')" title="Click to expand/collapse"><b>java.lang.AssertionError: 1 expectation failed.<br/>
Expected status code &lt;405&gt; but was &lt;404&gt;.<br/>
</b></a><br/>
		<div class="stackTrace" id="exception-fdf228e9-d58e-4a8b-887e-6ae0edc73d2e">
					java.base/jdk.internal.reflect.DirectConstructorHandleAccessor.newInstance(DirectConstructorHandleAccessor.java:67)<br/>
					java.base/java.lang.reflect.Constructor.newInstanceWithCaller(Constructor.java:500)<br/>
					java.base/java.lang.reflect.Constructor.newInstance(Constructor.java:484)<br/>
					org.codehaus.groovy.reflection.CachedConstructor.invoke(CachedConstructor.java:73)<br/>
					org.codehaus.groovy.runtime.callsite.ConstructorSite$ConstructorSiteNoUnwrapNoCoerce.callConstructor(ConstructorSite.java:108)<br/>
					org.codehaus.groovy.runtime.callsite.AbstractCallSite.callConstructor(AbstractCallSite.java:277)<br/>
					io.restassured.internal.ResponseSpecificationImpl$HamcrestAssertionClosure.validate(ResponseSpecificationImpl.groovy:512)<br/>
					io.restassured.internal.ResponseSpecificationImpl$HamcrestAssertionClosure$validate$1.call(Unknown Source)<br/>
					io.restassured.internal.ResponseSpecificationImpl.validate(ResponseSpecificationImpl.groovy:101)<br/>
					io.restassured.internal.ValidatableResponseOptionsImpl.spec(ValidatableResponseOptionsImpl.java:288)<br/>
					com.api.HttpMethod.PostClass.postData(PostClass.java:27)<br/>
					com.api.TestUtil.Main.tests(Main.java:41)<br/>
					java.base/jdk.internal.reflect.DirectMethodHandleAccessor.invoke(DirectMethodHandleAccessor.java:104)<br/>
					java.base/java.lang.reflect.Method.invoke(Method.java:578)<br/>
					org.testng.internal.MethodInvocationHelper.invokeMethod(MethodInvocationHelper.java:133)<br/>
					org.testng.internal.TestInvoker.invokeMethod(TestInvoker.java:598)<br/>
					org.testng.internal.TestInvoker.invokeTestMethod(TestInvoker.java:173)<br/>
					org.testng.internal.MethodRunner.runInSequence(MethodRunner.java:46)<br/>
					org.testng.internal.TestInvoker$MethodInvocationAgent.invoke(TestInvoker.java:824)<br/>
					org.testng.internal.TestInvoker.invokeTestMethods(TestInvoker.java:146)<br/>
					org.testng.internal.TestMethodWorker.invokeTestMethods(TestMethodWorker.java:146)<br/>
					org.testng.internal.TestMethodWorker.run(TestMethodWorker.java:128)<br/>
					java.base/java.util.ArrayList.forEach(ArrayList.java:1511)<br/>
					org.testng.TestRunner.privateRun(TestRunner.java:794)<br/>
					org.testng.TestRunner.run(TestRunner.java:596)<br/>
					org.testng.SuiteRunner.runTest(SuiteRunner.java:377)<br/>
					org.testng.SuiteRunner.runSequentially(SuiteRunner.java:371)<br/>
					org.testng.SuiteRunner.privateRun(SuiteRunner.java:332)<br/>
					org.testng.SuiteRunner.run(SuiteRunner.java:276)<br/>
					org.testng.SuiteRunnerWorker.runSuite(SuiteRunnerWorker.java:53)<br/>
					org.testng.SuiteRunnerWorker.run(SuiteRunnerWorker.java:96)<br/>
					org.testng.TestNG.runSuitesSequentially(TestNG.java:1212)<br/>
					org.testng.TestNG.runSuitesLocally(TestNG.java:1134)<br/>
					org.testng.TestNG.runSuites(TestNG.java:1063)<br/>
					org.testng.TestNG.run(TestNG.java:1031)<br/>
					org.testng.remote.AbstractRemoteTestNG.run(AbstractRemoteTestNG.java:115)<br/>
					org.testng.remote.RemoteTestNG.initAndRun(RemoteTestNG.java:251)<br/>
					org.testng.remote.RemoteTestNG.main(RemoteTestNG.java:77)<br/>
						</div>
		</td>
	</div>
</tr>
					<tr>
	<td class="time">1708750749242</td>
	<td class="header failed" colspan="4" onClick="toggleElement('268c76dc-cb41-4211-988b-1b74a7a5b501','block');changeSingleIcon('span-268c76dc-cb41-4211-988b-1b74a7a5b501');" title="Click to expand/collapse" style="cursor: pointer;">
	<div style="float:left;"><i>Class&nbsp;:&nbsp;</i>com.api.TestUtil.Main</div>
	<div style="float:right;">@Test @ with DataProvider : ["Send Data"] &nbsp;&nbsp;<span id='span-268c76dc-cb41-4211-988b-1b74a7a5b501' class="glyphicon glyphicon-menu-down"></span></div>
	</td>
	</tr>
<tr>
	<td class="time">1708750749242</td>
	<td class="methodTest">
		<span class="description"><b>Method: </b>tests</span><br>
			<span class="description"><b>Description: </b></span><br>
							<span class="duration"><b>Duration: </b>1.654s</span><br>
	</td>
	<td class="result">
					<i>Method arguments: </i><span class="arguments">[Ljava.lang.Object;@1209a0f</span><br>
				<div class="noCollapse" id="268c76dc-cb41-4211-988b-1b74a7a5b501" style="display: block;">
						<a href="javascript:toggleElement('exception-268c76dc-cb41-4211-988b-1b74a7a5b501','block')" title="Click to expand/collapse"><b>java.lang.AssertionError: 1 expectation failed.<br/>
Expected status code &lt;405&gt; but was &lt;500&gt;.<br/>
</b></a><br/>
		<div class="stackTrace" id="exception-268c76dc-cb41-4211-988b-1b74a7a5b501">
					java.base/jdk.internal.reflect.DirectConstructorHandleAccessor.newInstance(DirectConstructorHandleAccessor.java:67)<br/>
					java.base/java.lang.reflect.Constructor.newInstanceWithCaller(Constructor.java:500)<br/>
					java.base/java.lang.reflect.Constructor.newInstance(Constructor.java:484)<br/>
					org.codehaus.groovy.reflection.CachedConstructor.invoke(CachedConstructor.java:73)<br/>
					org.codehaus.groovy.runtime.callsite.ConstructorSite$ConstructorSiteNoUnwrapNoCoerce.callConstructor(ConstructorSite.java:108)<br/>
					org.codehaus.groovy.runtime.callsite.AbstractCallSite.callConstructor(AbstractCallSite.java:277)<br/>
					io.restassured.internal.ResponseSpecificationImpl$HamcrestAssertionClosure.validate(ResponseSpecificationImpl.groovy:512)<br/>
					io.restassured.internal.ResponseSpecificationImpl$HamcrestAssertionClosure$validate$1.call(Unknown Source)<br/>
					io.restassured.internal.ResponseSpecificationImpl.validate(ResponseSpecificationImpl.groovy:101)<br/>
					io.restassured.internal.ValidatableResponseOptionsImpl.spec(ValidatableResponseOptionsImpl.java:288)<br/>
					com.api.HttpMethod.PutClass.putData(PutClass.java:27)<br/>
					com.api.TestUtil.Main.tests(Main.java:44)<br/>
					java.base/jdk.internal.reflect.DirectMethodHandleAccessor.invoke(DirectMethodHandleAccessor.java:104)<br/>
					java.base/java.lang.reflect.Method.invoke(Method.java:578)<br/>
					org.testng.internal.MethodInvocationHelper.invokeMethod(MethodInvocationHelper.java:133)<br/>
					org.testng.internal.TestInvoker.invokeMethod(TestInvoker.java:598)<br/>
					org.testng.internal.TestInvoker.invokeTestMethod(TestInvoker.java:173)<br/>
					org.testng.internal.MethodRunner.runInSequence(MethodRunner.java:46)<br/>
					org.testng.internal.TestInvoker$MethodInvocationAgent.invoke(TestInvoker.java:824)<br/>
					org.testng.internal.TestInvoker.invokeTestMethods(TestInvoker.java:146)<br/>
					org.testng.internal.TestMethodWorker.invokeTestMethods(TestMethodWorker.java:146)<br/>
					org.testng.internal.TestMethodWorker.run(TestMethodWorker.java:128)<br/>
					java.base/java.util.ArrayList.forEach(ArrayList.java:1511)<br/>
					org.testng.TestRunner.privateRun(TestRunner.java:794)<br/>
					org.testng.TestRunner.run(TestRunner.java:596)<br/>
					org.testng.SuiteRunner.runTest(SuiteRunner.java:377)<br/>
					org.testng.SuiteRunner.runSequentially(SuiteRunner.java:371)<br/>
					org.testng.SuiteRunner.privateRun(SuiteRunner.java:332)<br/>
					org.testng.SuiteRunner.run(SuiteRunner.java:276)<br/>
					org.testng.SuiteRunnerWorker.runSuite(SuiteRunnerWorker.java:53)<br/>
					org.testng.SuiteRunnerWorker.run(SuiteRunnerWorker.java:96)<br/>
					org.testng.TestNG.runSuitesSequentially(TestNG.java:1212)<br/>
					org.testng.TestNG.runSuitesLocally(TestNG.java:1134)<br/>
					org.testng.TestNG.runSuites(TestNG.java:1063)<br/>
					org.testng.TestNG.run(TestNG.java:1031)<br/>
					org.testng.remote.AbstractRemoteTestNG.run(AbstractRemoteTestNG.java:115)<br/>
					org.testng.remote.RemoteTestNG.initAndRun(RemoteTestNG.java:251)<br/>
					org.testng.remote.RemoteTestNG.main(RemoteTestNG.java:77)<br/>
						</div>
		</td>
	</div>
</tr>
					<tr>
	<td class="time">1708750742012</td>
	<td class="header failed" colspan="4" onClick="toggleElement('2802348d-157b-42c0-8f4f-a0b7ab8bbe04','block');changeSingleIcon('span-2802348d-157b-42c0-8f4f-a0b7ab8bbe04');" title="Click to expand/collapse" style="cursor: pointer;">
	<div style="float:left;"><i>Class&nbsp;:&nbsp;</i>com.api.TestUtil.Main</div>
	<div style="float:right;">@Test @ with DataProvider : ["Send Data"] &nbsp;&nbsp;<span id='span-2802348d-157b-42c0-8f4f-a0b7ab8bbe04' class="glyphicon glyphicon-menu-down"></span></div>
	</td>
	</tr>
<tr>
	<td class="time">1708750742012</td>
	<td class="methodTest">
		<span class="description"><b>Method: </b>tests</span><br>
			<span class="description"><b>Description: </b></span><br>
							<span class="duration"><b>Duration: </b>1.112s</span><br>
	</td>
	<td class="result">
					<i>Method arguments: </i><span class="arguments">[Ljava.lang.Object;@502c2278</span><br>
				<div class="noCollapse" id="2802348d-157b-42c0-8f4f-a0b7ab8bbe04" style="display: block;">
						<a href="javascript:toggleElement('exception-2802348d-157b-42c0-8f4f-a0b7ab8bbe04','block')" title="Click to expand/collapse"><b>java.lang.AssertionError: 1 expectation failed.<br/>
Expected status code &lt;400&gt; but was &lt;404&gt;.<br/>
</b></a><br/>
		<div class="stackTrace" id="exception-2802348d-157b-42c0-8f4f-a0b7ab8bbe04">
					java.base/jdk.internal.reflect.DirectConstructorHandleAccessor.newInstance(DirectConstructorHandleAccessor.java:67)<br/>
					java.base/java.lang.reflect.Constructor.newInstanceWithCaller(Constructor.java:500)<br/>
					java.base/java.lang.reflect.Constructor.newInstance(Constructor.java:484)<br/>
					org.codehaus.groovy.reflection.CachedConstructor.invoke(CachedConstructor.java:73)<br/>
					org.codehaus.groovy.runtime.callsite.ConstructorSite$ConstructorSiteNoUnwrapNoCoerce.callConstructor(ConstructorSite.java:108)<br/>
					org.codehaus.groovy.runtime.callsite.AbstractCallSite.callConstructor(AbstractCallSite.java:277)<br/>
					io.restassured.internal.ResponseSpecificationImpl$HamcrestAssertionClosure.validate(ResponseSpecificationImpl.groovy:512)<br/>
					io.restassured.internal.ResponseSpecificationImpl$HamcrestAssertionClosure$validate$1.call(Unknown Source)<br/>
					io.restassured.internal.ResponseSpecificationImpl.validate(ResponseSpecificationImpl.groovy:101)<br/>
					io.restassured.internal.ValidatableResponseOptionsImpl.spec(ValidatableResponseOptionsImpl.java:288)<br/>
					com.api.HttpMethod.GetClass.getData(GetClass.java:35)<br/>
					com.api.TestUtil.Main.tests(Main.java:38)<br/>
					java.base/jdk.internal.reflect.DirectMethodHandleAccessor.invoke(DirectMethodHandleAccessor.java:104)<br/>
					java.base/java.lang.reflect.Method.invoke(Method.java:578)<br/>
					org.testng.internal.MethodInvocationHelper.invokeMethod(MethodInvocationHelper.java:133)<br/>
					org.testng.internal.TestInvoker.invokeMethod(TestInvoker.java:598)<br/>
					org.testng.internal.TestInvoker.invokeTestMethod(TestInvoker.java:173)<br/>
					org.testng.internal.MethodRunner.runInSequence(MethodRunner.java:46)<br/>
					org.testng.internal.TestInvoker$MethodInvocationAgent.invoke(TestInvoker.java:824)<br/>
					org.testng.internal.TestInvoker.invokeTestMethods(TestInvoker.java:146)<br/>
					org.testng.internal.TestMethodWorker.invokeTestMethods(TestMethodWorker.java:146)<br/>
					org.testng.internal.TestMethodWorker.run(TestMethodWorker.java:128)<br/>
					java.base/java.util.ArrayList.forEach(ArrayList.java:1511)<br/>
					org.testng.TestRunner.privateRun(TestRunner.java:794)<br/>
					org.testng.TestRunner.run(TestRunner.java:596)<br/>
					org.testng.SuiteRunner.runTest(SuiteRunner.java:377)<br/>
					org.testng.SuiteRunner.runSequentially(SuiteRunner.java:371)<br/>
					org.testng.SuiteRunner.privateRun(SuiteRunner.java:332)<br/>
					org.testng.SuiteRunner.run(SuiteRunner.java:276)<br/>
					org.testng.SuiteRunnerWorker.runSuite(SuiteRunnerWorker.java:53)<br/>
					org.testng.SuiteRunnerWorker.run(SuiteRunnerWorker.java:96)<br/>
					org.testng.TestNG.runSuitesSequentially(TestNG.java:1212)<br/>
					org.testng.TestNG.runSuitesLocally(TestNG.java:1134)<br/>
					org.testng.TestNG.runSuites(TestNG.java:1063)<br/>
					org.testng.TestNG.run(TestNG.java:1031)<br/>
					org.testng.remote.AbstractRemoteTestNG.run(AbstractRemoteTestNG.java:115)<br/>
					org.testng.remote.RemoteTestNG.initAndRun(RemoteTestNG.java:251)<br/>
					org.testng.remote.RemoteTestNG.main(RemoteTestNG.java:77)<br/>
						</div>
		</td>
	</div>
</tr>
					<tr>
	<td class="time">1708750761386</td>
	<td class="header failed" colspan="4" onClick="toggleElement('406f2e6a-733b-4458-b370-587373af2bab','block');changeSingleIcon('span-406f2e6a-733b-4458-b370-587373af2bab');" title="Click to expand/collapse" style="cursor: pointer;">
	<div style="float:left;"><i>Class&nbsp;:&nbsp;</i>com.api.TestUtil.Main</div>
	<div style="float:right;">@Test @ with DataProvider : ["Send Data"] &nbsp;&nbsp;<span id='span-406f2e6a-733b-4458-b370-587373af2bab' class="glyphicon glyphicon-menu-down"></span></div>
	</td>
	</tr>
<tr>
	<td class="time">1708750761386</td>
	<td class="methodTest">
		<span class="description"><b>Method: </b>tests</span><br>
			<span class="description"><b>Description: </b></span><br>
							<span class="duration"><b>Duration: </b>1.115s</span><br>
	</td>
	<td class="result">
					<i>Method arguments: </i><span class="arguments">[Ljava.lang.Object;@4948daec</span><br>
				<div class="noCollapse" id="406f2e6a-733b-4458-b370-587373af2bab" style="display: block;">
						<a href="javascript:toggleElement('exception-406f2e6a-733b-4458-b370-587373af2bab','block')" title="Click to expand/collapse"><b>java.lang.AssertionError: 1 expectation failed.<br/>
Expected status code &lt;405&gt; but was &lt;404&gt;.<br/>
</b></a><br/>
		<div class="stackTrace" id="exception-406f2e6a-733b-4458-b370-587373af2bab">
					java.base/jdk.internal.reflect.DirectConstructorHandleAccessor.newInstance(DirectConstructorHandleAccessor.java:67)<br/>
					java.base/java.lang.reflect.Constructor.newInstanceWithCaller(Constructor.java:500)<br/>
					java.base/java.lang.reflect.Constructor.newInstance(Constructor.java:484)<br/>
					org.codehaus.groovy.reflection.CachedConstructor.invoke(CachedConstructor.java:73)<br/>
					org.codehaus.groovy.runtime.callsite.ConstructorSite$ConstructorSiteNoUnwrapNoCoerce.callConstructor(ConstructorSite.java:108)<br/>
					org.codehaus.groovy.runtime.callsite.AbstractCallSite.callConstructor(AbstractCallSite.java:277)<br/>
					io.restassured.internal.ResponseSpecificationImpl$HamcrestAssertionClosure.validate(ResponseSpecificationImpl.groovy:512)<br/>
					io.restassured.internal.ResponseSpecificationImpl$HamcrestAssertionClosure$validate$1.call(Unknown Source)<br/>
					io.restassured.internal.ResponseSpecificationImpl.validate(ResponseSpecificationImpl.groovy:101)<br/>
					io.restassured.internal.ValidatableResponseOptionsImpl.spec(ValidatableResponseOptionsImpl.java:288)<br/>
					com.api.HttpMethod.PostClass.postData(PostClass.java:27)<br/>
					com.api.TestUtil.Main.tests(Main.java:41)<br/>
					java.base/jdk.internal.reflect.DirectMethodHandleAccessor.invoke(DirectMethodHandleAccessor.java:104)<br/>
					java.base/java.lang.reflect.Method.invoke(Method.java:578)<br/>
					org.testng.internal.MethodInvocationHelper.invokeMethod(MethodInvocationHelper.java:133)<br/>
					org.testng.internal.TestInvoker.invokeMethod(TestInvoker.java:598)<br/>
					org.testng.internal.TestInvoker.invokeTestMethod(TestInvoker.java:173)<br/>
					org.testng.internal.MethodRunner.runInSequence(MethodRunner.java:46)<br/>
					org.testng.internal.TestInvoker$MethodInvocationAgent.invoke(TestInvoker.java:824)<br/>
					org.testng.internal.TestInvoker.invokeTestMethods(TestInvoker.java:146)<br/>
					org.testng.internal.TestMethodWorker.invokeTestMethods(TestMethodWorker.java:146)<br/>
					org.testng.internal.TestMethodWorker.run(TestMethodWorker.java:128)<br/>
					java.base/java.util.ArrayList.forEach(ArrayList.java:1511)<br/>
					org.testng.TestRunner.privateRun(TestRunner.java:794)<br/>
					org.testng.TestRunner.run(TestRunner.java:596)<br/>
					org.testng.SuiteRunner.runTest(SuiteRunner.java:377)<br/>
					org.testng.SuiteRunner.runSequentially(SuiteRunner.java:371)<br/>
					org.testng.SuiteRunner.privateRun(SuiteRunner.java:332)<br/>
					org.testng.SuiteRunner.run(SuiteRunner.java:276)<br/>
					org.testng.SuiteRunnerWorker.runSuite(SuiteRunnerWorker.java:53)<br/>
					org.testng.SuiteRunnerWorker.run(SuiteRunnerWorker.java:96)<br/>
					org.testng.TestNG.runSuitesSequentially(TestNG.java:1212)<br/>
					org.testng.TestNG.runSuitesLocally(TestNG.java:1134)<br/>
					org.testng.TestNG.runSuites(TestNG.java:1063)<br/>
					org.testng.TestNG.run(TestNG.java:1031)<br/>
					org.testng.remote.AbstractRemoteTestNG.run(AbstractRemoteTestNG.java:115)<br/>
					org.testng.remote.RemoteTestNG.initAndRun(RemoteTestNG.java:251)<br/>
					org.testng.remote.RemoteTestNG.main(RemoteTestNG.java:77)<br/>
						</div>
		</td>
	</div>
</tr>
					<tr>
	<td class="time">1708750744220</td>
	<td class="header failed" colspan="4" onClick="toggleElement('dab37a6d-ebe6-41e3-8d31-d2509b4467bd','block');changeSingleIcon('span-dab37a6d-ebe6-41e3-8d31-d2509b4467bd');" title="Click to expand/collapse" style="cursor: pointer;">
	<div style="float:left;"><i>Class&nbsp;:&nbsp;</i>com.api.TestUtil.Main</div>
	<div style="float:right;">@Test @ with DataProvider : ["Send Data"] &nbsp;&nbsp;<span id='span-dab37a6d-ebe6-41e3-8d31-d2509b4467bd' class="glyphicon glyphicon-menu-down"></span></div>
	</td>
	</tr>
<tr>
	<td class="time">1708750744220</td>
	<td class="methodTest">
		<span class="description"><b>Method: </b>tests</span><br>
			<span class="description"><b>Description: </b></span><br>
							<span class="duration"><b>Duration: </b>1.116s</span><br>
	</td>
	<td class="result">
					<i>Method arguments: </i><span class="arguments">[Ljava.lang.Object;@49d42faf</span><br>
				<div class="noCollapse" id="dab37a6d-ebe6-41e3-8d31-d2509b4467bd" style="display: block;">
						<a href="javascript:toggleElement('exception-dab37a6d-ebe6-41e3-8d31-d2509b4467bd','block')" title="Click to expand/collapse"><b>java.lang.AssertionError: 1 expectation failed.<br/>
Expected status code &lt;404&gt; but was &lt;500&gt;.<br/>
</b></a><br/>
		<div class="stackTrace" id="exception-dab37a6d-ebe6-41e3-8d31-d2509b4467bd">
					java.base/jdk.internal.reflect.DirectConstructorHandleAccessor.newInstance(DirectConstructorHandleAccessor.java:67)<br/>
					java.base/java.lang.reflect.Constructor.newInstanceWithCaller(Constructor.java:500)<br/>
					java.base/java.lang.reflect.Constructor.newInstance(Constructor.java:484)<br/>
					org.codehaus.groovy.reflection.CachedConstructor.invoke(CachedConstructor.java:73)<br/>
					org.codehaus.groovy.runtime.callsite.ConstructorSite$ConstructorSiteNoUnwrapNoCoerce.callConstructor(ConstructorSite.java:108)<br/>
					org.codehaus.groovy.runtime.callsite.AbstractCallSite.callConstructor(AbstractCallSite.java:277)<br/>
					io.restassured.internal.ResponseSpecificationImpl$HamcrestAssertionClosure.validate(ResponseSpecificationImpl.groovy:512)<br/>
					io.restassured.internal.ResponseSpecificationImpl$HamcrestAssertionClosure$validate$1.call(Unknown Source)<br/>
					io.restassured.internal.ResponseSpecificationImpl.validate(ResponseSpecificationImpl.groovy:101)<br/>
					io.restassured.internal.ValidatableResponseOptionsImpl.spec(ValidatableResponseOptionsImpl.java:288)<br/>
					com.api.HttpMethod.PatchClass.patchData(PatchClass.java:27)<br/>
					com.api.TestUtil.Main.tests(Main.java:47)<br/>
					java.base/jdk.internal.reflect.DirectMethodHandleAccessor.invoke(DirectMethodHandleAccessor.java:104)<br/>
					java.base/java.lang.reflect.Method.invoke(Method.java:578)<br/>
					org.testng.internal.MethodInvocationHelper.invokeMethod(MethodInvocationHelper.java:133)<br/>
					org.testng.internal.TestInvoker.invokeMethod(TestInvoker.java:598)<br/>
					org.testng.internal.TestInvoker.invokeTestMethod(TestInvoker.java:173)<br/>
					org.testng.internal.MethodRunner.runInSequence(MethodRunner.java:46)<br/>
					org.testng.internal.TestInvoker$MethodInvocationAgent.invoke(TestInvoker.java:824)<br/>
					org.testng.internal.TestInvoker.invokeTestMethods(TestInvoker.java:146)<br/>
					org.testng.internal.TestMethodWorker.invokeTestMethods(TestMethodWorker.java:146)<br/>
					org.testng.internal.TestMethodWorker.run(TestMethodWorker.java:128)<br/>
					java.base/java.util.ArrayList.forEach(ArrayList.java:1511)<br/>
					org.testng.TestRunner.privateRun(TestRunner.java:794)<br/>
					org.testng.TestRunner.run(TestRunner.java:596)<br/>
					org.testng.SuiteRunner.runTest(SuiteRunner.java:377)<br/>
					org.testng.SuiteRunner.runSequentially(SuiteRunner.java:371)<br/>
					org.testng.SuiteRunner.privateRun(SuiteRunner.java:332)<br/>
					org.testng.SuiteRunner.run(SuiteRunner.java:276)<br/>
					org.testng.SuiteRunnerWorker.runSuite(SuiteRunnerWorker.java:53)<br/>
					org.testng.SuiteRunnerWorker.run(SuiteRunnerWorker.java:96)<br/>
					org.testng.TestNG.runSuitesSequentially(TestNG.java:1212)<br/>
					org.testng.TestNG.runSuitesLocally(TestNG.java:1134)<br/>
					org.testng.TestNG.runSuites(TestNG.java:1063)<br/>
					org.testng.TestNG.run(TestNG.java:1031)<br/>
					org.testng.remote.AbstractRemoteTestNG.run(AbstractRemoteTestNG.java:115)<br/>
					org.testng.remote.RemoteTestNG.initAndRun(RemoteTestNG.java:251)<br/>
					org.testng.remote.RemoteTestNG.main(RemoteTestNG.java:77)<br/>
						</div>
		</td>
	</div>
</tr>
					<tr>
	<td class="time">1708750746530</td>
	<td class="header failed" colspan="4" onClick="toggleElement('101ca632-f0bc-4836-99fd-18beb424cca2','block');changeSingleIcon('span-101ca632-f0bc-4836-99fd-18beb424cca2');" title="Click to expand/collapse" style="cursor: pointer;">
	<div style="float:left;"><i>Class&nbsp;:&nbsp;</i>com.api.TestUtil.Main</div>
	<div style="float:right;">@Test @ with DataProvider : ["Send Data"] &nbsp;&nbsp;<span id='span-101ca632-f0bc-4836-99fd-18beb424cca2' class="glyphicon glyphicon-menu-down"></span></div>
	</td>
	</tr>
<tr>
	<td class="time">1708750746530</td>
	<td class="methodTest">
		<span class="description"><b>Method: </b>tests</span><br>
			<span class="description"><b>Description: </b></span><br>
							<span class="duration"><b>Duration: </b>1.499s</span><br>
	</td>
	<td class="result">
					<i>Method arguments: </i><span class="arguments">[Ljava.lang.Object;@7de5871d</span><br>
				<div class="noCollapse" id="101ca632-f0bc-4836-99fd-18beb424cca2" style="display: block;">
						<a href="javascript:toggleElement('exception-101ca632-f0bc-4836-99fd-18beb424cca2','block')" title="Click to expand/collapse"><b>java.lang.AssertionError: 1 expectation failed.<br/>
Expected status code &lt;400&gt; but was &lt;200&gt;.<br/>
</b></a><br/>
		<div class="stackTrace" id="exception-101ca632-f0bc-4836-99fd-18beb424cca2">
					java.base/jdk.internal.reflect.DirectConstructorHandleAccessor.newInstance(DirectConstructorHandleAccessor.java:67)<br/>
					java.base/java.lang.reflect.Constructor.newInstanceWithCaller(Constructor.java:500)<br/>
					java.base/java.lang.reflect.Constructor.newInstance(Constructor.java:484)<br/>
					org.codehaus.groovy.reflection.CachedConstructor.invoke(CachedConstructor.java:73)<br/>
					org.codehaus.groovy.runtime.callsite.ConstructorSite$ConstructorSiteNoUnwrapNoCoerce.callConstructor(ConstructorSite.java:108)<br/>
					org.codehaus.groovy.runtime.callsite.AbstractCallSite.callConstructor(AbstractCallSite.java:277)<br/>
					io.restassured.internal.ResponseSpecificationImpl$HamcrestAssertionClosure.validate(ResponseSpecificationImpl.groovy:512)<br/>
					io.restassured.internal.ResponseSpecificationImpl$HamcrestAssertionClosure$validate$1.call(Unknown Source)<br/>
					io.restassured.internal.ResponseSpecificationImpl.validate(ResponseSpecificationImpl.groovy:101)<br/>
					io.restassured.internal.ValidatableResponseOptionsImpl.spec(ValidatableResponseOptionsImpl.java:288)<br/>
					com.api.HttpMethod.GetClass.getData(GetClass.java:35)<br/>
					com.api.TestUtil.Main.tests(Main.java:38)<br/>
					java.base/jdk.internal.reflect.DirectMethodHandleAccessor.invoke(DirectMethodHandleAccessor.java:104)<br/>
					java.base/java.lang.reflect.Method.invoke(Method.java:578)<br/>
					org.testng.internal.MethodInvocationHelper.invokeMethod(MethodInvocationHelper.java:133)<br/>
					org.testng.internal.TestInvoker.invokeMethod(TestInvoker.java:598)<br/>
					org.testng.internal.TestInvoker.invokeTestMethod(TestInvoker.java:173)<br/>
					org.testng.internal.MethodRunner.runInSequence(MethodRunner.java:46)<br/>
					org.testng.internal.TestInvoker$MethodInvocationAgent.invoke(TestInvoker.java:824)<br/>
					org.testng.internal.TestInvoker.invokeTestMethods(TestInvoker.java:146)<br/>
					org.testng.internal.TestMethodWorker.invokeTestMethods(TestMethodWorker.java:146)<br/>
					org.testng.internal.TestMethodWorker.run(TestMethodWorker.java:128)<br/>
					java.base/java.util.ArrayList.forEach(ArrayList.java:1511)<br/>
					org.testng.TestRunner.privateRun(TestRunner.java:794)<br/>
					org.testng.TestRunner.run(TestRunner.java:596)<br/>
					org.testng.SuiteRunner.runTest(SuiteRunner.java:377)<br/>
					org.testng.SuiteRunner.runSequentially(SuiteRunner.java:371)<br/>
					org.testng.SuiteRunner.privateRun(SuiteRunner.java:332)<br/>
					org.testng.SuiteRunner.run(SuiteRunner.java:276)<br/>
					org.testng.SuiteRunnerWorker.runSuite(SuiteRunnerWorker.java:53)<br/>
					org.testng.SuiteRunnerWorker.run(SuiteRunnerWorker.java:96)<br/>
					org.testng.TestNG.runSuitesSequentially(TestNG.java:1212)<br/>
					org.testng.TestNG.runSuitesLocally(TestNG.java:1134)<br/>
					org.testng.TestNG.runSuites(TestNG.java:1063)<br/>
					org.testng.TestNG.run(TestNG.java:1031)<br/>
					org.testng.remote.AbstractRemoteTestNG.run(AbstractRemoteTestNG.java:115)<br/>
					org.testng.remote.RemoteTestNG.initAndRun(RemoteTestNG.java:251)<br/>
					org.testng.remote.RemoteTestNG.main(RemoteTestNG.java:77)<br/>
						</div>
		</td>
	</div>
</tr>
					<tr>
	<td class="time">1708750760610</td>
	<td class="header failed" colspan="4" onClick="toggleElement('6c28b413-974d-456d-ab8c-438a5b5c3e01','block');changeSingleIcon('span-6c28b413-974d-456d-ab8c-438a5b5c3e01');" title="Click to expand/collapse" style="cursor: pointer;">
	<div style="float:left;"><i>Class&nbsp;:&nbsp;</i>com.api.TestUtil.Main</div>
	<div style="float:right;">@Test @ with DataProvider : ["Send Data"] &nbsp;&nbsp;<span id='span-6c28b413-974d-456d-ab8c-438a5b5c3e01' class="glyphicon glyphicon-menu-down"></span></div>
	</td>
	</tr>
<tr>
	<td class="time">1708750760610</td>
	<td class="methodTest">
		<span class="description"><b>Method: </b>tests</span><br>
			<span class="description"><b>Description: </b></span><br>
							<span class="duration"><b>Duration: </b>0.774s</span><br>
	</td>
	<td class="result">
					<i>Method arguments: </i><span class="arguments">[Ljava.lang.Object;@595814a1</span><br>
				<div class="noCollapse" id="6c28b413-974d-456d-ab8c-438a5b5c3e01" style="display: block;">
						<a href="javascript:toggleElement('exception-6c28b413-974d-456d-ab8c-438a5b5c3e01','block')" title="Click to expand/collapse"><b>java.lang.AssertionError: 1 expectation failed.<br/>
Expected status code &lt;400&gt; but was &lt;200&gt;.<br/>
</b></a><br/>
		<div class="stackTrace" id="exception-6c28b413-974d-456d-ab8c-438a5b5c3e01">
					java.base/jdk.internal.reflect.DirectConstructorHandleAccessor.newInstance(DirectConstructorHandleAccessor.java:67)<br/>
					java.base/java.lang.reflect.Constructor.newInstanceWithCaller(Constructor.java:500)<br/>
					java.base/java.lang.reflect.Constructor.newInstance(Constructor.java:484)<br/>
					org.codehaus.groovy.reflection.CachedConstructor.invoke(CachedConstructor.java:73)<br/>
					org.codehaus.groovy.runtime.callsite.ConstructorSite$ConstructorSiteNoUnwrapNoCoerce.callConstructor(ConstructorSite.java:108)<br/>
					org.codehaus.groovy.runtime.callsite.AbstractCallSite.callConstructor(AbstractCallSite.java:277)<br/>
					io.restassured.internal.ResponseSpecificationImpl$HamcrestAssertionClosure.validate(ResponseSpecificationImpl.groovy:512)<br/>
					io.restassured.internal.ResponseSpecificationImpl$HamcrestAssertionClosure$validate$1.call(Unknown Source)<br/>
					io.restassured.internal.ResponseSpecificationImpl.validate(ResponseSpecificationImpl.groovy:101)<br/>
					io.restassured.internal.ValidatableResponseOptionsImpl.spec(ValidatableResponseOptionsImpl.java:288)<br/>
					com.api.HttpMethod.PatchClass.patchData(PatchClass.java:27)<br/>
					com.api.TestUtil.Main.tests(Main.java:47)<br/>
					java.base/jdk.internal.reflect.DirectMethodHandleAccessor.invoke(DirectMethodHandleAccessor.java:104)<br/>
					java.base/java.lang.reflect.Method.invoke(Method.java:578)<br/>
					org.testng.internal.MethodInvocationHelper.invokeMethod(MethodInvocationHelper.java:133)<br/>
					org.testng.internal.TestInvoker.invokeMethod(TestInvoker.java:598)<br/>
					org.testng.internal.TestInvoker.invokeTestMethod(TestInvoker.java:173)<br/>
					org.testng.internal.MethodRunner.runInSequence(MethodRunner.java:46)<br/>
					org.testng.internal.TestInvoker$MethodInvocationAgent.invoke(TestInvoker.java:824)<br/>
					org.testng.internal.TestInvoker.invokeTestMethods(TestInvoker.java:146)<br/>
					org.testng.internal.TestMethodWorker.invokeTestMethods(TestMethodWorker.java:146)<br/>
					org.testng.internal.TestMethodWorker.run(TestMethodWorker.java:128)<br/>
					java.base/java.util.ArrayList.forEach(ArrayList.java:1511)<br/>
					org.testng.TestRunner.privateRun(TestRunner.java:794)<br/>
					org.testng.TestRunner.run(TestRunner.java:596)<br/>
					org.testng.SuiteRunner.runTest(SuiteRunner.java:377)<br/>
					org.testng.SuiteRunner.runSequentially(SuiteRunner.java:371)<br/>
					org.testng.SuiteRunner.privateRun(SuiteRunner.java:332)<br/>
					org.testng.SuiteRunner.run(SuiteRunner.java:276)<br/>
					org.testng.SuiteRunnerWorker.runSuite(SuiteRunnerWorker.java:53)<br/>
					org.testng.SuiteRunnerWorker.run(SuiteRunnerWorker.java:96)<br/>
					org.testng.TestNG.runSuitesSequentially(TestNG.java:1212)<br/>
					org.testng.TestNG.runSuitesLocally(TestNG.java:1134)<br/>
					org.testng.TestNG.runSuites(TestNG.java:1063)<br/>
					org.testng.TestNG.run(TestNG.java:1031)<br/>
					org.testng.remote.AbstractRemoteTestNG.run(AbstractRemoteTestNG.java:115)<br/>
					org.testng.remote.RemoteTestNG.initAndRun(RemoteTestNG.java:251)<br/>
					org.testng.remote.RemoteTestNG.main(RemoteTestNG.java:77)<br/>
						</div>
		</td>
	</div>
</tr>
					<tr>
	<td class="time">1708750731206</td>
	<td class="header failed" colspan="4" onClick="toggleElement('bb297b1b-5b9f-489a-8636-5a38545bf4c8','block');changeSingleIcon('span-bb297b1b-5b9f-489a-8636-5a38545bf4c8');" title="Click to expand/collapse" style="cursor: pointer;">
	<div style="float:left;"><i>Class&nbsp;:&nbsp;</i>com.api.TestUtil.Main</div>
	<div style="float:right;">@Test @ with DataProvider : ["Send Data"] &nbsp;&nbsp;<span id='span-bb297b1b-5b9f-489a-8636-5a38545bf4c8' class="glyphicon glyphicon-menu-down"></span></div>
	</td>
	</tr>
<tr>
	<td class="time">1708750731206</td>
	<td class="methodTest">
		<span class="description"><b>Method: </b>tests</span><br>
			<span class="description"><b>Description: </b></span><br>
							<span class="duration"><b>Duration: </b>2.384s</span><br>
	</td>
	<td class="result">
					<i>Method arguments: </i><span class="arguments">[Ljava.lang.Object;@41582899</span><br>
				<div class="noCollapse" id="bb297b1b-5b9f-489a-8636-5a38545bf4c8" style="display: block;">
						<a href="javascript:toggleElement('exception-bb297b1b-5b9f-489a-8636-5a38545bf4c8','block')" title="Click to expand/collapse"><b>java.lang.AssertionError: 1 expectation failed.<br/>
Expected response time was not a value less than &lt;2000L&gt; milliseconds, was 2358 milliseconds (2358 milliseconds).</b></a><br/>
		<div class="stackTrace" id="exception-bb297b1b-5b9f-489a-8636-5a38545bf4c8">
					java.base/jdk.internal.reflect.DirectConstructorHandleAccessor.newInstance(DirectConstructorHandleAccessor.java:67)<br/>
					java.base/java.lang.reflect.Constructor.newInstanceWithCaller(Constructor.java:500)<br/>
					java.base/java.lang.reflect.Constructor.newInstance(Constructor.java:484)<br/>
					org.codehaus.groovy.reflection.CachedConstructor.invoke(CachedConstructor.java:73)<br/>
					org.codehaus.groovy.runtime.callsite.ConstructorSite$ConstructorSiteNoUnwrapNoCoerce.callConstructor(ConstructorSite.java:108)<br/>
					org.codehaus.groovy.runtime.callsite.CallSiteArray.defaultCallConstructor(CallSiteArray.java:57)<br/>
					org.codehaus.groovy.runtime.callsite.AbstractCallSite.callConstructor(AbstractCallSite.java:263)<br/>
					org.codehaus.groovy.runtime.callsite.AbstractCallSite.callConstructor(AbstractCallSite.java:277)<br/>
					io.restassured.internal.ResponseSpecificationImpl$HamcrestAssertionClosure.validate(ResponseSpecificationImpl.groovy:512)<br/>
					io.restassured.internal.ResponseSpecificationImpl$HamcrestAssertionClosure$validate$1.call(Unknown Source)<br/>
					io.restassured.internal.ResponseSpecificationImpl.validate(ResponseSpecificationImpl.groovy:101)<br/>
					io.restassured.internal.ValidatableResponseOptionsImpl.spec(ValidatableResponseOptionsImpl.java:288)<br/>
					com.api.HttpMethod.GetClass.getData(GetClass.java:35)<br/>
					com.api.TestUtil.Main.tests(Main.java:38)<br/>
					java.base/jdk.internal.reflect.DirectMethodHandleAccessor.invoke(DirectMethodHandleAccessor.java:104)<br/>
					java.base/java.lang.reflect.Method.invoke(Method.java:578)<br/>
					org.testng.internal.MethodInvocationHelper.invokeMethod(MethodInvocationHelper.java:133)<br/>
					org.testng.internal.TestInvoker.invokeMethod(TestInvoker.java:598)<br/>
					org.testng.internal.TestInvoker.invokeTestMethod(TestInvoker.java:173)<br/>
					org.testng.internal.MethodRunner.runInSequence(MethodRunner.java:46)<br/>
					org.testng.internal.TestInvoker$MethodInvocationAgent.invoke(TestInvoker.java:824)<br/>
					org.testng.internal.TestInvoker.invokeTestMethods(TestInvoker.java:146)<br/>
					org.testng.internal.TestMethodWorker.invokeTestMethods(TestMethodWorker.java:146)<br/>
					org.testng.internal.TestMethodWorker.run(TestMethodWorker.java:128)<br/>
					java.base/java.util.ArrayList.forEach(ArrayList.java:1511)<br/>
					org.testng.TestRunner.privateRun(TestRunner.java:794)<br/>
					org.testng.TestRunner.run(TestRunner.java:596)<br/>
					org.testng.SuiteRunner.runTest(SuiteRunner.java:377)<br/>
					org.testng.SuiteRunner.runSequentially(SuiteRunner.java:371)<br/>
					org.testng.SuiteRunner.privateRun(SuiteRunner.java:332)<br/>
					org.testng.SuiteRunner.run(SuiteRunner.java:276)<br/>
					org.testng.SuiteRunnerWorker.runSuite(SuiteRunnerWorker.java:53)<br/>
					org.testng.SuiteRunnerWorker.run(SuiteRunnerWorker.java:96)<br/>
					org.testng.TestNG.runSuitesSequentially(TestNG.java:1212)<br/>
					org.testng.TestNG.runSuitesLocally(TestNG.java:1134)<br/>
					org.testng.TestNG.runSuites(TestNG.java:1063)<br/>
					org.testng.TestNG.run(TestNG.java:1031)<br/>
					org.testng.remote.AbstractRemoteTestNG.run(AbstractRemoteTestNG.java:115)<br/>
					org.testng.remote.RemoteTestNG.initAndRun(RemoteTestNG.java:251)<br/>
					org.testng.remote.RemoteTestNG.main(RemoteTestNG.java:77)<br/>
						</div>
		</td>
	</div>
</tr>
					<tr>
	<td class="time">1708750763628</td>
	<td class="header failed" colspan="4" onClick="toggleElement('8f1b0932-d035-4e24-b0f8-0924c3bfc76d','block');changeSingleIcon('span-8f1b0932-d035-4e24-b0f8-0924c3bfc76d');" title="Click to expand/collapse" style="cursor: pointer;">
	<div style="float:left;"><i>Class&nbsp;:&nbsp;</i>com.api.TestUtil.Main</div>
	<div style="float:right;">@Test @ with DataProvider : ["Send Data"] &nbsp;&nbsp;<span id='span-8f1b0932-d035-4e24-b0f8-0924c3bfc76d' class="glyphicon glyphicon-menu-down"></span></div>
	</td>
	</tr>
<tr>
	<td class="time">1708750763628</td>
	<td class="methodTest">
		<span class="description"><b>Method: </b>tests</span><br>
			<span class="description"><b>Description: </b></span><br>
							<span class="duration"><b>Duration: </b>1.242s</span><br>
	</td>
	<td class="result">
					<i>Method arguments: </i><span class="arguments">[Ljava.lang.Object;@1214d23c</span><br>
				<div class="noCollapse" id="8f1b0932-d035-4e24-b0f8-0924c3bfc76d" style="display: block;">
						<a href="javascript:toggleElement('exception-8f1b0932-d035-4e24-b0f8-0924c3bfc76d','block')" title="Click to expand/collapse"><b>java.lang.AssertionError: 1 expectation failed.<br/>
Expected status code &lt;405&gt; but was &lt;500&gt;.<br/>
</b></a><br/>
		<div class="stackTrace" id="exception-8f1b0932-d035-4e24-b0f8-0924c3bfc76d">
					java.base/jdk.internal.reflect.DirectConstructorHandleAccessor.newInstance(DirectConstructorHandleAccessor.java:67)<br/>
					java.base/java.lang.reflect.Constructor.newInstanceWithCaller(Constructor.java:500)<br/>
					java.base/java.lang.reflect.Constructor.newInstance(Constructor.java:484)<br/>
					org.codehaus.groovy.reflection.CachedConstructor.invoke(CachedConstructor.java:73)<br/>
					org.codehaus.groovy.runtime.callsite.ConstructorSite$ConstructorSiteNoUnwrapNoCoerce.callConstructor(ConstructorSite.java:108)<br/>
					org.codehaus.groovy.runtime.callsite.AbstractCallSite.callConstructor(AbstractCallSite.java:277)<br/>
					io.restassured.internal.ResponseSpecificationImpl$HamcrestAssertionClosure.validate(ResponseSpecificationImpl.groovy:512)<br/>
					io.restassured.internal.ResponseSpecificationImpl$HamcrestAssertionClosure$validate$1.call(Unknown Source)<br/>
					io.restassured.internal.ResponseSpecificationImpl.validate(ResponseSpecificationImpl.groovy:101)<br/>
					io.restassured.internal.ValidatableResponseOptionsImpl.spec(ValidatableResponseOptionsImpl.java:288)<br/>
					com.api.HttpMethod.PostClass.postData(PostClass.java:27)<br/>
					com.api.TestUtil.Main.tests(Main.java:41)<br/>
					java.base/jdk.internal.reflect.DirectMethodHandleAccessor.invoke(DirectMethodHandleAccessor.java:104)<br/>
					java.base/java.lang.reflect.Method.invoke(Method.java:578)<br/>
					org.testng.internal.MethodInvocationHelper.invokeMethod(MethodInvocationHelper.java:133)<br/>
					org.testng.internal.TestInvoker.invokeMethod(TestInvoker.java:598)<br/>
					org.testng.internal.TestInvoker.invokeTestMethod(TestInvoker.java:173)<br/>
					org.testng.internal.MethodRunner.runInSequence(MethodRunner.java:46)<br/>
					org.testng.internal.TestInvoker$MethodInvocationAgent.invoke(TestInvoker.java:824)<br/>
					org.testng.internal.TestInvoker.invokeTestMethods(TestInvoker.java:146)<br/>
					org.testng.internal.TestMethodWorker.invokeTestMethods(TestMethodWorker.java:146)<br/>
					org.testng.internal.TestMethodWorker.run(TestMethodWorker.java:128)<br/>
					java.base/java.util.ArrayList.forEach(ArrayList.java:1511)<br/>
					org.testng.TestRunner.privateRun(TestRunner.java:794)<br/>
					org.testng.TestRunner.run(TestRunner.java:596)<br/>
					org.testng.SuiteRunner.runTest(SuiteRunner.java:377)<br/>
					org.testng.SuiteRunner.runSequentially(SuiteRunner.java:371)<br/>
					org.testng.SuiteRunner.privateRun(SuiteRunner.java:332)<br/>
					org.testng.SuiteRunner.run(SuiteRunner.java:276)<br/>
					org.testng.SuiteRunnerWorker.runSuite(SuiteRunnerWorker.java:53)<br/>
					org.testng.SuiteRunnerWorker.run(SuiteRunnerWorker.java:96)<br/>
					org.testng.TestNG.runSuitesSequentially(TestNG.java:1212)<br/>
					org.testng.TestNG.runSuitesLocally(TestNG.java:1134)<br/>
					org.testng.TestNG.runSuites(TestNG.java:1063)<br/>
					org.testng.TestNG.run(TestNG.java:1031)<br/>
					org.testng.remote.AbstractRemoteTestNG.run(AbstractRemoteTestNG.java:115)<br/>
					org.testng.remote.RemoteTestNG.initAndRun(RemoteTestNG.java:251)<br/>
					org.testng.remote.RemoteTestNG.main(RemoteTestNG.java:77)<br/>
						</div>
		</td>
	</div>
</tr>
					<tr>
	<td class="time">1708750752722</td>
	<td class="header failed" colspan="4" onClick="toggleElement('b0fa2602-dc5f-46d4-b41a-c084b129eca5','block');changeSingleIcon('span-b0fa2602-dc5f-46d4-b41a-c084b129eca5');" title="Click to expand/collapse" style="cursor: pointer;">
	<div style="float:left;"><i>Class&nbsp;:&nbsp;</i>com.api.TestUtil.Main</div>
	<div style="float:right;">@Test @ with DataProvider : ["Send Data"] &nbsp;&nbsp;<span id='span-b0fa2602-dc5f-46d4-b41a-c084b129eca5' class="glyphicon glyphicon-menu-down"></span></div>
	</td>
	</tr>
<tr>
	<td class="time">1708750752722</td>
	<td class="methodTest">
		<span class="description"><b>Method: </b>tests</span><br>
			<span class="description"><b>Description: </b></span><br>
							<span class="duration"><b>Duration: </b>1.252s</span><br>
	</td>
	<td class="result">
					<i>Method arguments: </i><span class="arguments">[Ljava.lang.Object;@2d913116</span><br>
				<div class="noCollapse" id="b0fa2602-dc5f-46d4-b41a-c084b129eca5" style="display: block;">
						<a href="javascript:toggleElement('exception-b0fa2602-dc5f-46d4-b41a-c084b129eca5','block')" title="Click to expand/collapse"><b>java.lang.AssertionError: 1 expectation failed.<br/>
Expected status code &lt;405&gt; but was &lt;404&gt;.<br/>
</b></a><br/>
		<div class="stackTrace" id="exception-b0fa2602-dc5f-46d4-b41a-c084b129eca5">
					java.base/jdk.internal.reflect.DirectConstructorHandleAccessor.newInstance(DirectConstructorHandleAccessor.java:67)<br/>
					java.base/java.lang.reflect.Constructor.newInstanceWithCaller(Constructor.java:500)<br/>
					java.base/java.lang.reflect.Constructor.newInstance(Constructor.java:484)<br/>
					org.codehaus.groovy.reflection.CachedConstructor.invoke(CachedConstructor.java:73)<br/>
					org.codehaus.groovy.runtime.callsite.ConstructorSite$ConstructorSiteNoUnwrapNoCoerce.callConstructor(ConstructorSite.java:108)<br/>
					org.codehaus.groovy.runtime.callsite.AbstractCallSite.callConstructor(AbstractCallSite.java:277)<br/>
					io.restassured.internal.ResponseSpecificationImpl$HamcrestAssertionClosure.validate(ResponseSpecificationImpl.groovy:512)<br/>
					io.restassured.internal.ResponseSpecificationImpl$HamcrestAssertionClosure$validate$1.call(Unknown Source)<br/>
					io.restassured.internal.ResponseSpecificationImpl.validate(ResponseSpecificationImpl.groovy:101)<br/>
					io.restassured.internal.ValidatableResponseOptionsImpl.spec(ValidatableResponseOptionsImpl.java:288)<br/>
					com.api.HttpMethod.PutClass.putData(PutClass.java:27)<br/>
					com.api.TestUtil.Main.tests(Main.java:44)<br/>
					java.base/jdk.internal.reflect.DirectMethodHandleAccessor.invoke(DirectMethodHandleAccessor.java:104)<br/>
					java.base/java.lang.reflect.Method.invoke(Method.java:578)<br/>
					org.testng.internal.MethodInvocationHelper.invokeMethod(MethodInvocationHelper.java:133)<br/>
					org.testng.internal.TestInvoker.invokeMethod(TestInvoker.java:598)<br/>
					org.testng.internal.TestInvoker.invokeTestMethod(TestInvoker.java:173)<br/>
					org.testng.internal.MethodRunner.runInSequence(MethodRunner.java:46)<br/>
					org.testng.internal.TestInvoker$MethodInvocationAgent.invoke(TestInvoker.java:824)<br/>
					org.testng.internal.TestInvoker.invokeTestMethods(TestInvoker.java:146)<br/>
					org.testng.internal.TestMethodWorker.invokeTestMethods(TestMethodWorker.java:146)<br/>
					org.testng.internal.TestMethodWorker.run(TestMethodWorker.java:128)<br/>
					java.base/java.util.ArrayList.forEach(ArrayList.java:1511)<br/>
					org.testng.TestRunner.privateRun(TestRunner.java:794)<br/>
					org.testng.TestRunner.run(TestRunner.java:596)<br/>
					org.testng.SuiteRunner.runTest(SuiteRunner.java:377)<br/>
					org.testng.SuiteRunner.runSequentially(SuiteRunner.java:371)<br/>
					org.testng.SuiteRunner.privateRun(SuiteRunner.java:332)<br/>
					org.testng.SuiteRunner.run(SuiteRunner.java:276)<br/>
					org.testng.SuiteRunnerWorker.runSuite(SuiteRunnerWorker.java:53)<br/>
					org.testng.SuiteRunnerWorker.run(SuiteRunnerWorker.java:96)<br/>
					org.testng.TestNG.runSuitesSequentially(TestNG.java:1212)<br/>
					org.testng.TestNG.runSuitesLocally(TestNG.java:1134)<br/>
					org.testng.TestNG.runSuites(TestNG.java:1063)<br/>
					org.testng.TestNG.run(TestNG.java:1031)<br/>
					org.testng.remote.AbstractRemoteTestNG.run(AbstractRemoteTestNG.java:115)<br/>
					org.testng.remote.RemoteTestNG.initAndRun(RemoteTestNG.java:251)<br/>
					org.testng.remote.RemoteTestNG.main(RemoteTestNG.java:77)<br/>
						</div>
		</td>
	</div>
</tr>
					<tr>
	<td class="time">1708750743125</td>
	<td class="header failed" colspan="4" onClick="toggleElement('269a0b3f-3c25-4b3b-b547-06933266ec46','block');changeSingleIcon('span-269a0b3f-3c25-4b3b-b547-06933266ec46');" title="Click to expand/collapse" style="cursor: pointer;">
	<div style="float:left;"><i>Class&nbsp;:&nbsp;</i>com.api.TestUtil.Main</div>
	<div style="float:right;">@Test @ with DataProvider : ["Send Data"] &nbsp;&nbsp;<span id='span-269a0b3f-3c25-4b3b-b547-06933266ec46' class="glyphicon glyphicon-menu-down"></span></div>
	</td>
	</tr>
<tr>
	<td class="time">1708750743125</td>
	<td class="methodTest">
		<span class="description"><b>Method: </b>tests</span><br>
			<span class="description"><b>Description: </b></span><br>
							<span class="duration"><b>Duration: </b>1.093s</span><br>
	</td>
	<td class="result">
					<i>Method arguments: </i><span class="arguments">[Ljava.lang.Object;@56b9d43f</span><br>
				<div class="noCollapse" id="269a0b3f-3c25-4b3b-b547-06933266ec46" style="display: block;">
						<a href="javascript:toggleElement('exception-269a0b3f-3c25-4b3b-b547-06933266ec46','block')" title="Click to expand/collapse"><b>java.lang.AssertionError: 1 expectation failed.<br/>
Expected status code &lt;400&gt; but was &lt;404&gt;.<br/>
</b></a><br/>
		<div class="stackTrace" id="exception-269a0b3f-3c25-4b3b-b547-06933266ec46">
					java.base/jdk.internal.reflect.DirectConstructorHandleAccessor.newInstance(DirectConstructorHandleAccessor.java:67)<br/>
					java.base/java.lang.reflect.Constructor.newInstanceWithCaller(Constructor.java:500)<br/>
					java.base/java.lang.reflect.Constructor.newInstance(Constructor.java:484)<br/>
					org.codehaus.groovy.reflection.CachedConstructor.invoke(CachedConstructor.java:73)<br/>
					org.codehaus.groovy.runtime.callsite.ConstructorSite$ConstructorSiteNoUnwrapNoCoerce.callConstructor(ConstructorSite.java:108)<br/>
					org.codehaus.groovy.runtime.callsite.AbstractCallSite.callConstructor(AbstractCallSite.java:277)<br/>
					io.restassured.internal.ResponseSpecificationImpl$HamcrestAssertionClosure.validate(ResponseSpecificationImpl.groovy:512)<br/>
					io.restassured.internal.ResponseSpecificationImpl$HamcrestAssertionClosure$validate$1.call(Unknown Source)<br/>
					io.restassured.internal.ResponseSpecificationImpl.validate(ResponseSpecificationImpl.groovy:101)<br/>
					io.restassured.internal.ValidatableResponseOptionsImpl.spec(ValidatableResponseOptionsImpl.java:288)<br/>
					com.api.HttpMethod.GetClass.getData(GetClass.java:35)<br/>
					com.api.TestUtil.Main.tests(Main.java:38)<br/>
					java.base/jdk.internal.reflect.DirectMethodHandleAccessor.invoke(DirectMethodHandleAccessor.java:104)<br/>
					java.base/java.lang.reflect.Method.invoke(Method.java:578)<br/>
					org.testng.internal.MethodInvocationHelper.invokeMethod(MethodInvocationHelper.java:133)<br/>
					org.testng.internal.TestInvoker.invokeMethod(TestInvoker.java:598)<br/>
					org.testng.internal.TestInvoker.invokeTestMethod(TestInvoker.java:173)<br/>
					org.testng.internal.MethodRunner.runInSequence(MethodRunner.java:46)<br/>
					org.testng.internal.TestInvoker$MethodInvocationAgent.invoke(TestInvoker.java:824)<br/>
					org.testng.internal.TestInvoker.invokeTestMethods(TestInvoker.java:146)<br/>
					org.testng.internal.TestMethodWorker.invokeTestMethods(TestMethodWorker.java:146)<br/>
					org.testng.internal.TestMethodWorker.run(TestMethodWorker.java:128)<br/>
					java.base/java.util.ArrayList.forEach(ArrayList.java:1511)<br/>
					org.testng.TestRunner.privateRun(TestRunner.java:794)<br/>
					org.testng.TestRunner.run(TestRunner.java:596)<br/>
					org.testng.SuiteRunner.runTest(SuiteRunner.java:377)<br/>
					org.testng.SuiteRunner.runSequentially(SuiteRunner.java:371)<br/>
					org.testng.SuiteRunner.privateRun(SuiteRunner.java:332)<br/>
					org.testng.SuiteRunner.run(SuiteRunner.java:276)<br/>
					org.testng.SuiteRunnerWorker.runSuite(SuiteRunnerWorker.java:53)<br/>
					org.testng.SuiteRunnerWorker.run(SuiteRunnerWorker.java:96)<br/>
					org.testng.TestNG.runSuitesSequentially(TestNG.java:1212)<br/>
					org.testng.TestNG.runSuitesLocally(TestNG.java:1134)<br/>
					org.testng.TestNG.runSuites(TestNG.java:1063)<br/>
					org.testng.TestNG.run(TestNG.java:1031)<br/>
					org.testng.remote.AbstractRemoteTestNG.run(AbstractRemoteTestNG.java:115)<br/>
					org.testng.remote.RemoteTestNG.initAndRun(RemoteTestNG.java:251)<br/>
					org.testng.remote.RemoteTestNG.main(RemoteTestNG.java:77)<br/>
						</div>
		</td>
	</div>
</tr>
					<tr>
	<td class="time">1708750745337</td>
	<td class="header failed" colspan="4" onClick="toggleElement('fabfd692-a71c-49bc-9351-eb458116451e','block');changeSingleIcon('span-fabfd692-a71c-49bc-9351-eb458116451e');" title="Click to expand/collapse" style="cursor: pointer;">
	<div style="float:left;"><i>Class&nbsp;:&nbsp;</i>com.api.TestUtil.Main</div>
	<div style="float:right;">@Test @ with DataProvider : ["Send Data"] &nbsp;&nbsp;<span id='span-fabfd692-a71c-49bc-9351-eb458116451e' class="glyphicon glyphicon-menu-down"></span></div>
	</td>
	</tr>
<tr>
	<td class="time">1708750745337</td>
	<td class="methodTest">
		<span class="description"><b>Method: </b>tests</span><br>
			<span class="description"><b>Description: </b></span><br>
							<span class="duration"><b>Duration: </b>1.190s</span><br>
	</td>
	<td class="result">
					<i>Method arguments: </i><span class="arguments">[Ljava.lang.Object;@32b112a1</span><br>
				<div class="noCollapse" id="fabfd692-a71c-49bc-9351-eb458116451e" style="display: block;">
						<a href="javascript:toggleElement('exception-fabfd692-a71c-49bc-9351-eb458116451e','block')" title="Click to expand/collapse"><b>java.lang.AssertionError: 1 expectation failed.<br/>
Expected status code &lt;405&gt; but was &lt;500&gt;.<br/>
</b></a><br/>
		<div class="stackTrace" id="exception-fabfd692-a71c-49bc-9351-eb458116451e">
					java.base/jdk.internal.reflect.DirectConstructorHandleAccessor.newInstance(DirectConstructorHandleAccessor.java:67)<br/>
					java.base/java.lang.reflect.Constructor.newInstanceWithCaller(Constructor.java:500)<br/>
					java.base/java.lang.reflect.Constructor.newInstance(Constructor.java:484)<br/>
					org.codehaus.groovy.reflection.CachedConstructor.invoke(CachedConstructor.java:73)<br/>
					org.codehaus.groovy.runtime.callsite.ConstructorSite$ConstructorSiteNoUnwrapNoCoerce.callConstructor(ConstructorSite.java:108)<br/>
					org.codehaus.groovy.runtime.callsite.AbstractCallSite.callConstructor(AbstractCallSite.java:277)<br/>
					io.restassured.internal.ResponseSpecificationImpl$HamcrestAssertionClosure.validate(ResponseSpecificationImpl.groovy:512)<br/>
					io.restassured.internal.ResponseSpecificationImpl$HamcrestAssertionClosure$validate$1.call(Unknown Source)<br/>
					io.restassured.internal.ResponseSpecificationImpl.validate(ResponseSpecificationImpl.groovy:101)<br/>
					io.restassured.internal.ValidatableResponseOptionsImpl.spec(ValidatableResponseOptionsImpl.java:288)<br/>
					com.api.HttpMethod.PostClass.postData(PostClass.java:27)<br/>
					com.api.TestUtil.Main.tests(Main.java:41)<br/>
					java.base/jdk.internal.reflect.DirectMethodHandleAccessor.invoke(DirectMethodHandleAccessor.java:104)<br/>
					java.base/java.lang.reflect.Method.invoke(Method.java:578)<br/>
					org.testng.internal.MethodInvocationHelper.invokeMethod(MethodInvocationHelper.java:133)<br/>
					org.testng.internal.TestInvoker.invokeMethod(TestInvoker.java:598)<br/>
					org.testng.internal.TestInvoker.invokeTestMethod(TestInvoker.java:173)<br/>
					org.testng.internal.MethodRunner.runInSequence(MethodRunner.java:46)<br/>
					org.testng.internal.TestInvoker$MethodInvocationAgent.invoke(TestInvoker.java:824)<br/>
					org.testng.internal.TestInvoker.invokeTestMethods(TestInvoker.java:146)<br/>
					org.testng.internal.TestMethodWorker.invokeTestMethods(TestMethodWorker.java:146)<br/>
					org.testng.internal.TestMethodWorker.run(TestMethodWorker.java:128)<br/>
					java.base/java.util.ArrayList.forEach(ArrayList.java:1511)<br/>
					org.testng.TestRunner.privateRun(TestRunner.java:794)<br/>
					org.testng.TestRunner.run(TestRunner.java:596)<br/>
					org.testng.SuiteRunner.runTest(SuiteRunner.java:377)<br/>
					org.testng.SuiteRunner.runSequentially(SuiteRunner.java:371)<br/>
					org.testng.SuiteRunner.privateRun(SuiteRunner.java:332)<br/>
					org.testng.SuiteRunner.run(SuiteRunner.java:276)<br/>
					org.testng.SuiteRunnerWorker.runSuite(SuiteRunnerWorker.java:53)<br/>
					org.testng.SuiteRunnerWorker.run(SuiteRunnerWorker.java:96)<br/>
					org.testng.TestNG.runSuitesSequentially(TestNG.java:1212)<br/>
					org.testng.TestNG.runSuitesLocally(TestNG.java:1134)<br/>
					org.testng.TestNG.runSuites(TestNG.java:1063)<br/>
					org.testng.TestNG.run(TestNG.java:1031)<br/>
					org.testng.remote.AbstractRemoteTestNG.run(AbstractRemoteTestNG.java:115)<br/>
					org.testng.remote.RemoteTestNG.initAndRun(RemoteTestNG.java:251)<br/>
					org.testng.remote.RemoteTestNG.main(RemoteTestNG.java:77)<br/>
						</div>
		</td>
	</div>
</tr>
						
				
												<tr>
			<td class="time">1708750734106</td>
			<td class="header passed" colspan="4" onClick="toggleElement('eb0c0f95-8af4-4cd7-acfe-e375aac1dcfe','block');changeSingleIcon('span-eb0c0f95-8af4-4cd7-acfe-e375aac1dcfe');" title="Click to expand/collapse" style="cursor: pointer;">
			<div style="float:left;"><i>Class&nbsp;:&nbsp;</i>com.api.TestUtil.Main</div>
			<div style="float:right;">@Test @ with DataProvider : ["Send Data"] &nbsp;&nbsp;<span id='span-eb0c0f95-8af4-4cd7-acfe-e375aac1dcfe' class="glyphicon glyphicon-menu-down"></span></div>
			</td>
			</tr>
			<tr>
	<td class="time">1708750734106</td>
	<td class="methodTest">
		<span class="description"><b>Method: </b>tests</span><br>
			<span class="description"><b>Description: </b></span><br>
							<span class="duration"><b>Duration: </b>1.117s</span><br>
	</td>
	<td class="result">
					<i>Method arguments: </i><span class="arguments">[Ljava.lang.Object;@23396fc0</span><br>
				<div class="stackTrace" id="eb0c0f95-8af4-4cd7-acfe-e375aac1dcfe" style="display: block;">
					</td>
	</div>
</tr>
						<tr>
			<td class="time">1708750762502</td>
			<td class="header passed" colspan="4" onClick="toggleElement('c2d79bf4-2066-4a6f-93ea-5e05d0521c0b','block');changeSingleIcon('span-c2d79bf4-2066-4a6f-93ea-5e05d0521c0b');" title="Click to expand/collapse" style="cursor: pointer;">
			<div style="float:left;"><i>Class&nbsp;:&nbsp;</i>com.api.TestUtil.Main</div>
			<div style="float:right;">@Test @ with DataProvider : ["Send Data"] &nbsp;&nbsp;<span id='span-c2d79bf4-2066-4a6f-93ea-5e05d0521c0b' class="glyphicon glyphicon-menu-down"></span></div>
			</td>
			</tr>
			<tr>
	<td class="time">1708750762502</td>
	<td class="methodTest">
		<span class="description"><b>Method: </b>tests</span><br>
			<span class="description"><b>Description: </b></span><br>
							<span class="duration"><b>Duration: </b>1.125s</span><br>
	</td>
	<td class="result">
					<i>Method arguments: </i><span class="arguments">[Ljava.lang.Object;@25fd6d1e</span><br>
				<div class="stackTrace" id="c2d79bf4-2066-4a6f-93ea-5e05d0521c0b" style="display: block;">
					</td>
	</div>
</tr>
						<tr>
			<td class="time">1708750735225</td>
			<td class="header passed" colspan="4" onClick="toggleElement('29ae1e27-a2cc-4c14-8fba-58c991cb4560','block');changeSingleIcon('span-29ae1e27-a2cc-4c14-8fba-58c991cb4560');" title="Click to expand/collapse" style="cursor: pointer;">
			<div style="float:left;"><i>Class&nbsp;:&nbsp;</i>com.api.TestUtil.Main</div>
			<div style="float:right;">@Test @ with DataProvider : ["Send Data"] &nbsp;&nbsp;<span id='span-29ae1e27-a2cc-4c14-8fba-58c991cb4560' class="glyphicon glyphicon-menu-down"></span></div>
			</td>
			</tr>
			<tr>
	<td class="time">1708750735225</td>
	<td class="methodTest">
		<span class="description"><b>Method: </b>tests</span><br>
			<span class="description"><b>Description: </b></span><br>
							<span class="duration"><b>Duration: </b>1.261s</span><br>
	</td>
	<td class="result">
					<i>Method arguments: </i><span class="arguments">[Ljava.lang.Object;@156cfa20</span><br>
				<div class="stackTrace" id="29ae1e27-a2cc-4c14-8fba-58c991cb4560" style="display: block;">
					</td>
	</div>
</tr>
						<tr>
			<td class="time">1708750751392</td>
			<td class="header passed" colspan="4" onClick="toggleElement('4f7ea0c3-f852-4696-a82e-50fdf4511709','block');changeSingleIcon('span-4f7ea0c3-f852-4696-a82e-50fdf4511709');" title="Click to expand/collapse" style="cursor: pointer;">
			<div style="float:left;"><i>Class&nbsp;:&nbsp;</i>com.api.TestUtil.Main</div>
			<div style="float:right;">@Test @ with DataProvider : ["Send Data"] &nbsp;&nbsp;<span id='span-4f7ea0c3-f852-4696-a82e-50fdf4511709' class="glyphicon glyphicon-menu-down"></span></div>
			</td>
			</tr>
			<tr>
	<td class="time">1708750751392</td>
	<td class="methodTest">
		<span class="description"><b>Method: </b>tests</span><br>
			<span class="description"><b>Description: </b></span><br>
							<span class="duration"><b>Duration: </b>1.328s</span><br>
	</td>
	<td class="result">
					<i>Method arguments: </i><span class="arguments">[Ljava.lang.Object;@45bd4753</span><br>
				<div class="stackTrace" id="4f7ea0c3-f852-4696-a82e-50fdf4511709" style="display: block;">
					</td>
	</div>
</tr>
						<tr>
			<td class="time">1708750739617</td>
			<td class="header passed" colspan="4" onClick="toggleElement('72527960-2bac-47ac-bf43-314fdc69f41b','block');changeSingleIcon('span-72527960-2bac-47ac-bf43-314fdc69f41b');" title="Click to expand/collapse" style="cursor: pointer;">
			<div style="float:left;"><i>Class&nbsp;:&nbsp;</i>com.api.TestUtil.Main</div>
			<div style="float:right;">@Test @ with DataProvider : ["Send Data"] &nbsp;&nbsp;<span id='span-72527960-2bac-47ac-bf43-314fdc69f41b' class="glyphicon glyphicon-menu-down"></span></div>
			</td>
			</tr>
			<tr>
	<td class="time">1708750739617</td>
	<td class="methodTest">
		<span class="description"><b>Method: </b>tests</span><br>
			<span class="description"><b>Description: </b></span><br>
							<span class="duration"><b>Duration: </b>1.276s</span><br>
	</td>
	<td class="result">
					<i>Method arguments: </i><span class="arguments">[Ljava.lang.Object;@39a7eca5</span><br>
				<div class="stackTrace" id="72527960-2bac-47ac-bf43-314fdc69f41b" style="display: block;">
					</td>
	</div>
</tr>
						<tr>
			<td class="time">1708750727700</td>
			<td class="header passed" colspan="4" onClick="toggleElement('34163dc4-5736-4283-94a0-eb29cbbdff3c','block');changeSingleIcon('span-34163dc4-5736-4283-94a0-eb29cbbdff3c');" title="Click to expand/collapse" style="cursor: pointer;">
			<div style="float:left;"><i>Class&nbsp;:&nbsp;</i>com.api.TestUtil.Main</div>
			<div style="float:right;">@Test @ with DataProvider : ["Send Data"] &nbsp;&nbsp;<span id='span-34163dc4-5736-4283-94a0-eb29cbbdff3c' class="glyphicon glyphicon-menu-down"></span></div>
			</td>
			</tr>
			<tr>
	<td class="time">1708750727700</td>
	<td class="methodTest">
		<span class="description"><b>Method: </b>tests</span><br>
			<span class="description"><b>Description: </b></span><br>
							<span class="duration"><b>Duration: </b>2.411s</span><br>
	</td>
	<td class="result">
					<i>Method arguments: </i><span class="arguments">[Ljava.lang.Object;@30c01c37</span><br>
				<div class="stackTrace" id="34163dc4-5736-4283-94a0-eb29cbbdff3c" style="display: block;">
					</td>
	</div>
</tr>
						<tr>
			<td class="time">1708750730114</td>
			<td class="header passed" colspan="4" onClick="toggleElement('04a5ea40-a840-4c4e-a73f-7fd4cad50e58','block');changeSingleIcon('span-04a5ea40-a840-4c4e-a73f-7fd4cad50e58');" title="Click to expand/collapse" style="cursor: pointer;">
			<div style="float:left;"><i>Class&nbsp;:&nbsp;</i>com.api.TestUtil.Main</div>
			<div style="float:right;">@Test @ with DataProvider : ["Send Data"] &nbsp;&nbsp;<span id='span-04a5ea40-a840-4c4e-a73f-7fd4cad50e58' class="glyphicon glyphicon-menu-down"></span></div>
			</td>
			</tr>
			<tr>
	<td class="time">1708750730114</td>
	<td class="methodTest">
		<span class="description"><b>Method: </b>tests</span><br>
			<span class="description"><b>Description: </b></span><br>
							<span class="duration"><b>Duration: </b>1.090s</span><br>
	</td>
	<td class="result">
					<i>Method arguments: </i><span class="arguments">[Ljava.lang.Object;@41a23470</span><br>
				<div class="stackTrace" id="04a5ea40-a840-4c4e-a73f-7fd4cad50e58" style="display: block;">
					</td>
	</div>
</tr>
						<tr>
			<td class="time">1708750733593</td>
			<td class="header passed" colspan="4" onClick="toggleElement('2d9e1575-204e-4df5-8e53-ddc320ff6f94','block');changeSingleIcon('span-2d9e1575-204e-4df5-8e53-ddc320ff6f94');" title="Click to expand/collapse" style="cursor: pointer;">
			<div style="float:left;"><i>Class&nbsp;:&nbsp;</i>com.api.TestUtil.Main</div>
			<div style="float:right;">@Test @ with DataProvider : ["Send Data"] &nbsp;&nbsp;<span id='span-2d9e1575-204e-4df5-8e53-ddc320ff6f94' class="glyphicon glyphicon-menu-down"></span></div>
			</td>
			</tr>
			<tr>
	<td class="time">1708750733593</td>
	<td class="methodTest">
		<span class="description"><b>Method: </b>tests</span><br>
			<span class="description"><b>Description: </b></span><br>
							<span class="duration"><b>Duration: </b>0.512s</span><br>
	</td>
	<td class="result">
					<i>Method arguments: </i><span class="arguments">[Ljava.lang.Object;@48368a08</span><br>
				<div class="stackTrace" id="2d9e1575-204e-4df5-8e53-ddc320ff6f94" style="display: block;">
					</td>
	</div>
</tr>
						<tr>
			<td class="time">1708750736488</td>
			<td class="header passed" colspan="4" onClick="toggleElement('a6b1891a-b1af-4a45-b1fe-743889143f35','block');changeSingleIcon('span-a6b1891a-b1af-4a45-b1fe-743889143f35');" title="Click to expand/collapse" style="cursor: pointer;">
			<div style="float:left;"><i>Class&nbsp;:&nbsp;</i>com.api.TestUtil.Main</div>
			<div style="float:right;">@Test @ with DataProvider : ["Send Data"] &nbsp;&nbsp;<span id='span-a6b1891a-b1af-4a45-b1fe-743889143f35' class="glyphicon glyphicon-menu-down"></span></div>
			</td>
			</tr>
			<tr>
	<td class="time">1708750736488</td>
	<td class="methodTest">
		<span class="description"><b>Method: </b>tests</span><br>
			<span class="description"><b>Description: </b></span><br>
							<span class="duration"><b>Duration: </b>1.314s</span><br>
	</td>
	<td class="result">
					<i>Method arguments: </i><span class="arguments">[Ljava.lang.Object;@592a1882</span><br>
				<div class="stackTrace" id="a6b1891a-b1af-4a45-b1fe-743889143f35" style="display: block;">
					</td>
	</div>
</tr>
						<tr>
			<td class="time">1708750737803</td>
			<td class="header passed" colspan="4" onClick="toggleElement('a2de7a66-2de1-4286-b485-2b5f090bca7d','block');changeSingleIcon('span-a2de7a66-2de1-4286-b485-2b5f090bca7d');" title="Click to expand/collapse" style="cursor: pointer;">
			<div style="float:left;"><i>Class&nbsp;:&nbsp;</i>com.api.TestUtil.Main</div>
			<div style="float:right;">@Test @ with DataProvider : ["Send Data"] &nbsp;&nbsp;<span id='span-a2de7a66-2de1-4286-b485-2b5f090bca7d' class="glyphicon glyphicon-menu-down"></span></div>
			</td>
			</tr>
			<tr>
	<td class="time">1708750737803</td>
	<td class="methodTest">
		<span class="description"><b>Method: </b>tests</span><br>
			<span class="description"><b>Description: </b></span><br>
							<span class="duration"><b>Duration: </b>1.812s</span><br>
	</td>
	<td class="result">
					<i>Method arguments: </i><span class="arguments">[Ljava.lang.Object;@3c09a350</span><br>
				<div class="stackTrace" id="a2de7a66-2de1-4286-b485-2b5f090bca7d" style="display: block;">
					</td>
	</div>
</tr>
					  
	</tbody>
	</table>
</div>
</body>
</html>
